#
# A fatal error has been detected by the Java Runtime Environment:
#
#  EXCEPTION_ACCESS_VIOLATION (0xc0000005) at pc=0x00007ffb6dcd0b53, pid=11080, tid=9800
#
# JRE version: Java(TM) SE Runtime Environment (17.0.12+8) (build 17.0.12+8-LTS-286)
# Java VM: Java HotSpot(TM) 64-Bit Server VM (17.0.12+8-LTS-286, mixed mode, sharing, tiered, compressed oops, compressed class ptrs, g1 gc, windows-amd64)
# Problematic frame:
# C  [assimp.dll+0x60b53]
#
# No core dump will be written. Minidumps are not enabled by default on client versions of Windows
#
# If you would like to submit a bug report, please visit:
#   https://bugreport.java.com/bugreport/crash.jsp
# The crash happened outside the Java Virtual Machine in native code.
# See problematic frame for where to report the bug.
#

---------------  S U M M A R Y ------------

Command Line: -javaagent:C:\Program Files\JetBrains\IntelliJ IDEA Community Edition 2024.2.3\lib\idea_rt.jar=50371:C:\Program Files\JetBrains\IntelliJ IDEA Community Edition 2024.2.3\bin -Dfile.encoding=UTF-8 net.absolutecinema.Main

Host: AMD Ryzen 7 5800X 8-Core Processor             , 16 cores, 31G,  Windows 10 , 64 bit Build 19041 (10.0.19041.5794)
Time: Fri Jun  6 02:58:35 2025 Mitteleuropäische Sommerzeit elapsed time: 2.018381 seconds (0d 0h 0m 2s)

---------------  T H R E A D  ---------------

Current thread (0x0000018ba8bfa460):  JavaThread "main" [_thread_in_native, id=9800, stack(0x0000004b6a000000,0x0000004b6a100000)]

Stack: [0x0000004b6a000000,0x0000004b6a100000],  sp=0x0000004b6a0fe5b0,  free space=1017k
Native frames: (J=compiled Java code, j=interpreted, Vv=VM code, C=native code)
C  [assimp.dll+0x60b53]

Java frames: (J=compiled Java code, j=interpreted, Vv=VM code)
j  org.lwjgl.system.JNI.invokePP(JIJ)J+0
j  org.lwjgl.assimp.Assimp.naiImportFile(JI)J+7
j  org.lwjgl.assimp.Assimp.aiImportFile(Ljava/lang/CharSequence;I)Lorg/lwjgl/assimp/AIScene;+25
j  net.absolutecinema.models.Model.fromFile(Ljava/nio/file/Path;Lnet/absolutecinema/rendering/shader/programs/ModelShader;)Lnet/absolutecinema/models/Model;+87
j  net.absolutecinema.models.Model.fromFile(Ljava/nio/file/Path;)Lnet/absolutecinema/models/Model;+2
j  net.absolutecinema.AbsoluteCinema.init()V+410
j  net.absolutecinema.AbsoluteCinema.run()V+6
j  net.absolutecinema.Main.main([Ljava/lang/String;)V+36
v  ~StubRoutines::call_stub

siginfo: EXCEPTION_ACCESS_VIOLATION (0xc0000005), reading address 0x0000018c309fd000


Registers:
RAX=0x0000018c30765040, RBX=0x0000018c285fd860, RCX=0x0000000000000000, RDX=0x0000000000000000
RSP=0x0000004b6a0fe5b0, RBP=0x0000004b6a0fe6b0, RSI=0x0000018c2f3d959c, RDI=0x0000018c286262b0
R8 =0x00000000000a5ff0, R9 =0x0000000000052ec6, R10=0x0000000000037550, R11=0x0000018c285fd860
R12=0x0000018c2f197060, R13=0x0000000000037550, R14=0x0000018c3048f040, R15=0x0000018c285fd860
RIP=0x00007ffb6dcd0b53, EFLAGS=0x0000000000010206


Register to memory mapping:

RIP=0x00007ffb6dcd0b53 assimp.dll
RAX=0x0000018c30765040 points into unknown readable memory: 0x3f8000003f800000 | 00 00 80 3f 00 00 80 3f
RBX=0x0000018c285fd860 points into unknown readable memory: 0x0000018c3a29d8d0 | d0 d8 29 3a 8c 01 00 00
RCX=0x0 is NULL
RDX=0x0 is NULL
RSP=0x0000004b6a0fe5b0 is pointing into the stack for thread: 0x0000018ba8bfa460
RBP=0x0000004b6a0fe6b0 is pointing into the stack for thread: 0x0000018ba8bfa460
RSI=0x0000018c2f3d959c points into unknown readable memory: 00 00 00 00
RDI=0x0000018c286262b0 points into unknown readable memory: 0x00052ec600000014 | 14 00 00 00 c6 2e 05 00
R8 =0x00000000000a5ff0 is an unknown value
R9 =0x0000000000052ec6 is an unknown value
R10=0x0000000000037550 is an unknown value
R11=0x0000018c285fd860 points into unknown readable memory: 0x0000018c3a29d8d0 | d0 d8 29 3a 8c 01 00 00
R12=0x0000018c2f197060 points into unknown readable memory: 0x0000000100000000 | 00 00 00 00 01 00 00 00
R13=0x0000000000037550 is an unknown value
R14=0x0000018c3048f040 points into unknown readable memory: 0xffffffffffffffff | ff ff ff ff ff ff ff ff
R15=0x0000018c285fd860 points into unknown readable memory: 0x0000018c3a29d8d0 | d0 d8 29 3a 8c 01 00 00


Top of Stack: (sp=0x0000004b6a0fe5b0)
0x0000004b6a0fe5b0:   0000004b6a0fe670 0000018c2f2fc060
0x0000004b6a0fe5c0:   0000018c2862b520 000000000004bf21
0x0000004b6a0fe5d0:   0000000000000000 0000000000000001
0x0000004b6a0fe5e0:   0000018c304b9010 0000018c00000370
0x0000004b6a0fe5f0:   0000000000000000 0000018c00000044
0x0000004b6a0fe600:   0000018ba89f0150 00007ffb6dc999f2
0x0000004b6a0fe610:   0000000000000025 00000000000003ff
0x0000004b6a0fe620:   0000018c2f3d959c 0000018c2f197060
0x0000004b6a0fe630:   0000018c285fd860 000000000003754f
0x0000004b6a0fe640:   0000018c00000000 0000018c00037550
0x0000004b6a0fe650:   0000004b6a0fe630 0000000000000000
0x0000004b6a0fe660:   0000018c3369a010 00000000000000a5
0x0000004b6a0fe670:   0000018c2f2fc060 0000018c2f3d959c
0x0000004b6a0fe680:   0000018c2f42bce4 00000000000003f0
0x0000004b6a0fe690:   0000018c0003754f 0000018c00000000
0x0000004b6a0fe6a0:   0000018ba89f9e40 00000000000000a5 

Instructions: (pc=0x00007ffb6dcd0b53)
0x00007ffb6dcd0a53:   00 00 0f 29 85 a0 00 00 00 0f 29 8d b0 00 00 00
0x00007ffb6dcd0a63:   0f 29 85 c0 00 00 00 0f 29 8d d0 00 00 00 0f 29
0x00007ffb6dcd0a73:   85 e0 00 00 00 0f 29 8d f0 00 00 00 0f 29 85 00
0x00007ffb6dcd0a83:   01 00 00 0f 29 8d 10 01 00 00 0f 29 85 20 01 00
0x00007ffb6dcd0a93:   00 0f 29 8d 30 01 00 00 0f 29 85 40 01 00 00 0f
0x00007ffb6dcd0aa3:   29 8d 50 01 00 00 0f 29 85 60 01 00 00 45 8b d0
0x00007ffb6dcd0ab3:   4f 8d 04 52 48 8b 47 10 f2 42 0f 10 04 80 f2 0f
0x00007ffb6dcd0ac3:   11 45 60 42 8b 44 80 08 89 45 68 48 8b 47 18 48
0x00007ffb6dcd0ad3:   85 c0 74 18 45 85 c9 74 13 f2 42 0f 10 04 80 f2
0x00007ffb6dcd0ae3:   0f 11 45 6c 42 8b 44 80 08 89 45 74 48 8b 47 20
0x00007ffb6dcd0af3:   48 85 c0 74 3d 48 8b 4f 28 48 85 c9 74 34 45 85
0x00007ffb6dcd0b03:   c9 74 2f f2 42 0f 10 04 80 f2 0f 11 45 78 42 8b
0x00007ffb6dcd0b13:   44 80 08 89 85 80 00 00 00 f2 42 0f 10 04 81 f2
0x00007ffb6dcd0b23:   0f 11 85 84 00 00 00 42 8b 44 81 08 89 85 8c 00
0x00007ffb6dcd0b33:   00 00 33 d2 83 fa 08 73 36 48 83 7c d7 70 00 74
0x00007ffb6dcd0b43:   2e 83 7f 04 00 76 28 48 8b 44 d7 70 48 8d 0c 52
0x00007ffb6dcd0b53:   f2 42 0f 10 04 80 f2 0f 11 84 8d 90 00 00 00 42
0x00007ffb6dcd0b63:   8b 44 80 08 89 84 8d 98 00 00 00 ff c2 eb c5 45
0x00007ffb6dcd0b73:   33 c0 41 83 f8 08 73 30 41 8b d0 4a 83 7c c7 30
0x00007ffb6dcd0b83:   00 74 25 83 7f 04 00 76 1f 49 8b ca 48 03 c9 4a
0x00007ffb6dcd0b93:   8b 44 c7 30 48 03 d2 0f 10 04 c8 0f 11 84 d5 f0
0x00007ffb6dcd0ba3:   00 00 00 41 ff c0 eb ca 49 8b 5f 08 49 8b f7 80
0x00007ffb6dcd0bb3:   7b 19 00 75 2b 0f 1f 84 00 00 00 00 00 48 8d 4b
0x00007ffb6dcd0bc3:   1c 48 8d 55 60 e8 03 f7 ff ff 84 c0 74 06 48 8b
0x00007ffb6dcd0bd3:   5b 10 eb 06 48 8b f3 48 8b 1b 80 7b 19 00 74 dd
0x00007ffb6dcd0be3:   80 7e 19 00 75 11 48 8d 56 1c 48 8d 4d 60 e8 da
0x00007ffb6dcd0bf3:   f6 ff ff 84 c0 74 03 49 8b f7 49 3b f7 0f 85 e8
0x00007ffb6dcd0c03:   01 00 00 49 8b 77 08 33 c0 4d 8b f7 38 46 19 75
0x00007ffb6dcd0c13:   38 48 8b de 66 0f 1f 84 00 00 00 00 00 48 8b f3
0x00007ffb6dcd0c23:   48 8d 4b 1c 48 8d 55 60 e8 a0 f6 ff ff 84 c0 74
0x00007ffb6dcd0c33:   06 48 8b 5b 10 eb 06 4c 8b f3 48 8b 1b 0f b6 c0
0x00007ffb6dcd0c43:   83 f0 01 80 7b 19 00 74 d4 48 89 75 e0 89 45 e8 


Stack slot to memory mapping:
stack at sp + 0 slots: 0x0000004b6a0fe670 is pointing into the stack for thread: 0x0000018ba8bfa460
stack at sp + 1 slots: 0x0000018c2f2fc060 points into unknown readable memory: 0x0000000100000000 | 00 00 00 00 01 00 00 00
stack at sp + 2 slots: 0x0000018c2862b520 points into unknown readable memory: 0x0000018c00000000 | 00 00 00 00 8c 01 00 00
stack at sp + 3 slots: 0x000000000004bf21 is an unknown value
stack at sp + 4 slots: 0x0 is NULL
stack at sp + 5 slots: 0x0000000000000001 is an unknown value
stack at sp + 6 slots: 0x0000018c304b9010 points into unknown readable memory: 0x0000000000000000 | 00 00 00 00 00 00 00 00
stack at sp + 7 slots: 0x0000018c00000370 is an unknown value


---------------  P R O C E S S  ---------------

Threads class SMR info:
_java_thread_list=0x0000018c196f0840, length=16, elements={
0x0000018ba8bfa460, 0x0000018bd73b3e40, 0x0000018bd73b4870, 0x0000018bd73c8bc0,
0x0000018bd73c9490, 0x0000018bd73c9d60, 0x0000018bd73ca630, 0x0000018bd73d67f0,
0x0000018bd73d91c0, 0x0000018bd73e22a0, 0x0000018c19146a90, 0x0000018bd73a15b0,
0x0000018c19154fd0, 0x0000018c192da6b0, 0x0000018c19260d10, 0x0000018c28437be0
}

Java Threads: ( => current thread )
=>0x0000018ba8bfa460 JavaThread "main" [_thread_in_native, id=9800, stack(0x0000004b6a000000,0x0000004b6a100000)]
  0x0000018bd73b3e40 JavaThread "Reference Handler" daemon [_thread_blocked, id=4548, stack(0x0000004b6a700000,0x0000004b6a800000)]
  0x0000018bd73b4870 JavaThread "Finalizer" daemon [_thread_blocked, id=13452, stack(0x0000004b6a800000,0x0000004b6a900000)]
  0x0000018bd73c8bc0 JavaThread "Signal Dispatcher" daemon [_thread_blocked, id=3820, stack(0x0000004b6a900000,0x0000004b6aa00000)]
  0x0000018bd73c9490 JavaThread "Attach Listener" daemon [_thread_blocked, id=14556, stack(0x0000004b6aa00000,0x0000004b6ab00000)]
  0x0000018bd73c9d60 JavaThread "Service Thread" daemon [_thread_blocked, id=10140, stack(0x0000004b6ab00000,0x0000004b6ac00000)]
  0x0000018bd73ca630 JavaThread "Monitor Deflation Thread" daemon [_thread_blocked, id=4684, stack(0x0000004b6ac00000,0x0000004b6ad00000)]
  0x0000018bd73d67f0 JavaThread "C2 CompilerThread0" daemon [_thread_blocked, id=16728, stack(0x0000004b6ad00000,0x0000004b6ae00000)]
  0x0000018bd73d91c0 JavaThread "C1 CompilerThread0" daemon [_thread_blocked, id=9616, stack(0x0000004b6ae00000,0x0000004b6af00000)]
  0x0000018bd73e22a0 JavaThread "Sweeper thread" daemon [_thread_blocked, id=12088, stack(0x0000004b6af00000,0x0000004b6b000000)]
  0x0000018c19146a90 JavaThread "Common-Cleaner" daemon [_thread_blocked, id=16076, stack(0x0000004b6b000000,0x0000004b6b100000)]
  0x0000018bd73a15b0 JavaThread "C1 CompilerThread1" daemon [_thread_blocked, id=2944, stack(0x0000004b6b100000,0x0000004b6b200000)]
  0x0000018c19154fd0 JavaThread "C1 CompilerThread2" daemon [_thread_blocked, id=14136, stack(0x0000004b6b200000,0x0000004b6b300000)]
  0x0000018c192da6b0 JavaThread "Monitor Ctrl-Break" daemon [_thread_in_native, id=11612, stack(0x0000004b6b400000,0x0000004b6b500000)]
  0x0000018c19260d10 JavaThread "Notification Thread" daemon [_thread_blocked, id=16868, stack(0x0000004b6b500000,0x0000004b6b600000)]
  0x0000018c28437be0 JavaThread "C1 CompilerThread3" daemon [_thread_blocked, id=10020, stack(0x0000004b6b300000,0x0000004b6b400000)]

Other Threads:
  0x0000018bd73ae410 VMThread "VM Thread" [stack: 0x0000004b6a600000,0x0000004b6a700000] [id=8776]
  0x0000018c19216a90 WatcherThread [stack: 0x0000004b6b600000,0x0000004b6b700000] [id=6196]
  0x0000018ba8ca5cf0 GCTaskThread "GC Thread#0" [stack: 0x0000004b6a100000,0x0000004b6a200000] [id=7532]
  0x0000018c2862c9d0 GCTaskThread "GC Thread#1" [stack: 0x0000004b6c700000,0x0000004b6c800000] [id=10288]
  0x0000018c2a95e830 GCTaskThread "GC Thread#2" [stack: 0x0000004b6c800000,0x0000004b6c900000] [id=4468]
  0x0000018c2aba65d0 GCTaskThread "GC Thread#3" [stack: 0x0000004b6c900000,0x0000004b6ca00000] [id=4208]
  0x0000018c2d1f0080 GCTaskThread "GC Thread#4" [stack: 0x0000004b6ca00000,0x0000004b6cb00000] [id=13432]
  0x0000018c2d1f0340 GCTaskThread "GC Thread#5" [stack: 0x0000004b6cb00000,0x0000004b6cc00000] [id=4736]
  0x0000018c2d1f0600 GCTaskThread "GC Thread#6" [stack: 0x0000004b6cc00000,0x0000004b6cd00000] [id=5036]
  0x0000018c2d1f08c0 GCTaskThread "GC Thread#7" [stack: 0x0000004b6cd00000,0x0000004b6ce00000] [id=15980]
  0x0000018c286aa8c0 GCTaskThread "GC Thread#8" [stack: 0x0000004b6ce00000,0x0000004b6cf00000] [id=3040]
  0x0000018c286aae40 GCTaskThread "GC Thread#9" [stack: 0x0000004b6cf00000,0x0000004b6d000000] [id=13760]
  0x0000018c286ab100 GCTaskThread "GC Thread#10" [stack: 0x0000004b6d000000,0x0000004b6d100000] [id=13904]
  0x0000018c286ac440 GCTaskThread "GC Thread#11" [stack: 0x0000004b6d100000,0x0000004b6d200000] [id=13104]
  0x0000018ba8cb89f0 ConcurrentGCThread "G1 Main Marker" [stack: 0x0000004b6a200000,0x0000004b6a300000] [id=13088]
  0x0000018ba8cb99b0 ConcurrentGCThread "G1 Conc#0" [stack: 0x0000004b6a300000,0x0000004b6a400000] [id=1804]
  0x0000018bd72e86e0 ConcurrentGCThread "G1 Refine#0" [stack: 0x0000004b6a400000,0x0000004b6a500000] [id=15152]
  0x0000018c286aa4f0 ConcurrentGCThread "G1 Refine#1" [stack: 0x0000004b6d200000,0x0000004b6d300000] [id=12852]
  0x0000018c286d9060 ConcurrentGCThread "G1 Refine#2" [stack: 0x0000004b6d300000,0x0000004b6d400000] [id=10016]
  0x0000018c286af0b0 ConcurrentGCThread "G1 Refine#3" [stack: 0x0000004b6d400000,0x0000004b6d500000] [id=14392]
  0x0000018c2d2f7c40 ConcurrentGCThread "G1 Refine#4" [stack: 0x0000004b6d500000,0x0000004b6d600000] [id=17384]
  0x0000018c2a892c20 ConcurrentGCThread "G1 Refine#5" [stack: 0x0000004b6d600000,0x0000004b6d700000] [id=16972]
  0x0000018c2a8934f0 ConcurrentGCThread "G1 Refine#6" [stack: 0x0000004b6d700000,0x0000004b6d800000] [id=16792]
  0x0000018bd72e9f30 ConcurrentGCThread "G1 Service" [stack: 0x0000004b6a500000,0x0000004b6a600000] [id=1668]

Threads with active compile tasks:

VM state: not at safepoint (normal execution)

VM Mutex/Monitor currently owned by a thread: None

Heap address: 0x0000000601000000, size: 8176 MB, Compressed Oops mode: Zero based, Oop shift amount: 3

CDS archive(s) mapped at: [0x0000018bd8000000-0x0000018bd8bd0000-0x0000018bd8bd0000), size 12386304, SharedBaseAddress: 0x0000018bd8000000, ArchiveRelocationMode: 1.
Compressed class space mapped at: 0x0000018bd9000000-0x0000018c19000000, reserved size: 1073741824
Narrow klass base: 0x0000018bd8000000, Narrow klass shift: 0, Narrow klass range: 0x100000000

GC Precious Log:
 CPUs: 16 total, 16 available
 Memory: 32689M
 Large Page Support: Disabled
 NUMA Support: Disabled
 Compressed Oops: Enabled (Zero based)
 Heap Region Size: 4M
 Heap Min Capacity: 8M
 Heap Initial Capacity: 512M
 Heap Max Capacity: 8176M
 Pre-touch: Disabled
 Parallel Workers: 13
 Concurrent Workers: 3
 Concurrent Refinement Workers: 13
 Periodic GC: Disabled

Heap:
 garbage-first heap   total 524288K, used 48521K [0x0000000601000000, 0x0000000800000000)
  region size 4096K, 8 young (32768K), 1 survivors (4096K)
 Metaspace       used 7426K, committed 7680K, reserved 1114112K
  class space    used 427K, committed 576K, reserved 1048576K

Heap Regions: E=young(eden), S=young(survivor), O=old, HS=humongous(starts), HC=humongous(continues), CS=collection set, F=free, OA=open archive, CA=closed archive, TAMS=top-at-mark-start (previous, next)
|   0|0x0000000601000000, 0x0000000601400000, 0x0000000601400000|100%|HS|  |TAMS 0x0000000601000000, 0x0000000601000000| Complete 
|   1|0x0000000601400000, 0x0000000601800000, 0x0000000601800000|100%|HS|  |TAMS 0x0000000601400000, 0x0000000601400000| Complete 
|   2|0x0000000601800000, 0x0000000601c00000, 0x0000000601c00000|100%|HS|  |TAMS 0x0000000601800000, 0x0000000601800000| Complete 
|   3|0x0000000601c00000, 0x0000000602000000, 0x0000000602000000|100%|HC|  |TAMS 0x0000000601c00000, 0x0000000601c00000| Complete 
|   4|0x0000000602000000, 0x0000000602400000, 0x0000000602400000|100%|HS|  |TAMS 0x0000000602000000, 0x0000000602000000| Complete 
|   5|0x0000000602400000, 0x0000000602400000, 0x0000000602800000|  0%| F|  |TAMS 0x0000000602400000, 0x0000000602400000| Untracked 
|   6|0x0000000602800000, 0x0000000602800000, 0x0000000602c00000|  0%| F|  |TAMS 0x0000000602800000, 0x0000000602800000| Untracked 
|   7|0x0000000602c00000, 0x0000000602c00000, 0x0000000603000000|  0%| F|  |TAMS 0x0000000602c00000, 0x0000000602c00000| Untracked 
|   8|0x0000000603000000, 0x0000000603000000, 0x0000000603400000|  0%| F|  |TAMS 0x0000000603000000, 0x0000000603000000| Untracked 
|   9|0x0000000603400000, 0x0000000603400000, 0x0000000603800000|  0%| F|  |TAMS 0x0000000603400000, 0x0000000603400000| Untracked 
|  10|0x0000000603800000, 0x0000000603800000, 0x0000000603c00000|  0%| F|  |TAMS 0x0000000603800000, 0x0000000603800000| Untracked 
|  11|0x0000000603c00000, 0x0000000603c00000, 0x0000000604000000|  0%| F|  |TAMS 0x0000000603c00000, 0x0000000603c00000| Untracked 
|  12|0x0000000604000000, 0x0000000604000000, 0x0000000604400000|  0%| F|  |TAMS 0x0000000604000000, 0x0000000604000000| Untracked 
|  13|0x0000000604400000, 0x0000000604400000, 0x0000000604800000|  0%| F|  |TAMS 0x0000000604400000, 0x0000000604400000| Untracked 
|  14|0x0000000604800000, 0x0000000604800000, 0x0000000604c00000|  0%| F|  |TAMS 0x0000000604800000, 0x0000000604800000| Untracked 
|  15|0x0000000604c00000, 0x0000000604c00000, 0x0000000605000000|  0%| F|  |TAMS 0x0000000604c00000, 0x0000000604c00000| Untracked 
|  16|0x0000000605000000, 0x0000000605000000, 0x0000000605400000|  0%| F|  |TAMS 0x0000000605000000, 0x0000000605000000| Untracked 
|  17|0x0000000605400000, 0x0000000605400000, 0x0000000605800000|  0%| F|  |TAMS 0x0000000605400000, 0x0000000605400000| Untracked 
|  18|0x0000000605800000, 0x0000000605800000, 0x0000000605c00000|  0%| F|  |TAMS 0x0000000605800000, 0x0000000605800000| Untracked 
|  19|0x0000000605c00000, 0x0000000605c00000, 0x0000000606000000|  0%| F|  |TAMS 0x0000000605c00000, 0x0000000605c00000| Untracked 
|  20|0x0000000606000000, 0x0000000606000000, 0x0000000606400000|  0%| F|  |TAMS 0x0000000606000000, 0x0000000606000000| Untracked 
|  21|0x0000000606400000, 0x0000000606400000, 0x0000000606800000|  0%| F|  |TAMS 0x0000000606400000, 0x0000000606400000| Untracked 
|  22|0x0000000606800000, 0x0000000606800000, 0x0000000606c00000|  0%| F|  |TAMS 0x0000000606800000, 0x0000000606800000| Untracked 
|  23|0x0000000606c00000, 0x0000000606c00000, 0x0000000607000000|  0%| F|  |TAMS 0x0000000606c00000, 0x0000000606c00000| Untracked 
|  24|0x0000000607000000, 0x0000000607000000, 0x0000000607400000|  0%| F|  |TAMS 0x0000000607000000, 0x0000000607000000| Untracked 
|  25|0x0000000607400000, 0x0000000607400000, 0x0000000607800000|  0%| F|  |TAMS 0x0000000607400000, 0x0000000607400000| Untracked 
|  26|0x0000000607800000, 0x0000000607800000, 0x0000000607c00000|  0%| F|  |TAMS 0x0000000607800000, 0x0000000607800000| Untracked 
|  27|0x0000000607c00000, 0x0000000607c00000, 0x0000000608000000|  0%| F|  |TAMS 0x0000000607c00000, 0x0000000607c00000| Untracked 
|  28|0x0000000608000000, 0x0000000608000000, 0x0000000608400000|  0%| F|  |TAMS 0x0000000608000000, 0x0000000608000000| Untracked 
|  29|0x0000000608400000, 0x0000000608400000, 0x0000000608800000|  0%| F|  |TAMS 0x0000000608400000, 0x0000000608400000| Untracked 
|  30|0x0000000608800000, 0x0000000608800000, 0x0000000608c00000|  0%| F|  |TAMS 0x0000000608800000, 0x0000000608800000| Untracked 
|  31|0x0000000608c00000, 0x0000000608c00000, 0x0000000609000000|  0%| F|  |TAMS 0x0000000608c00000, 0x0000000608c00000| Untracked 
|  32|0x0000000609000000, 0x0000000609000000, 0x0000000609400000|  0%| F|  |TAMS 0x0000000609000000, 0x0000000609000000| Untracked 
|  33|0x0000000609400000, 0x0000000609400000, 0x0000000609800000|  0%| F|  |TAMS 0x0000000609400000, 0x0000000609400000| Untracked 
|  34|0x0000000609800000, 0x0000000609800000, 0x0000000609c00000|  0%| F|  |TAMS 0x0000000609800000, 0x0000000609800000| Untracked 
|  35|0x0000000609c00000, 0x0000000609c00000, 0x000000060a000000|  0%| F|  |TAMS 0x0000000609c00000, 0x0000000609c00000| Untracked 
|  36|0x000000060a000000, 0x000000060a000000, 0x000000060a400000|  0%| F|  |TAMS 0x000000060a000000, 0x000000060a000000| Untracked 
|  37|0x000000060a400000, 0x000000060a400000, 0x000000060a800000|  0%| F|  |TAMS 0x000000060a400000, 0x000000060a400000| Untracked 
|  38|0x000000060a800000, 0x000000060a800000, 0x000000060ac00000|  0%| F|  |TAMS 0x000000060a800000, 0x000000060a800000| Untracked 
|  39|0x000000060ac00000, 0x000000060ac00000, 0x000000060b000000|  0%| F|  |TAMS 0x000000060ac00000, 0x000000060ac00000| Untracked 
|  40|0x000000060b000000, 0x000000060b000000, 0x000000060b400000|  0%| F|  |TAMS 0x000000060b000000, 0x000000060b000000| Untracked 
|  41|0x000000060b400000, 0x000000060b400000, 0x000000060b800000|  0%| F|  |TAMS 0x000000060b400000, 0x000000060b400000| Untracked 
|  42|0x000000060b800000, 0x000000060b800000, 0x000000060bc00000|  0%| F|  |TAMS 0x000000060b800000, 0x000000060b800000| Untracked 
|  43|0x000000060bc00000, 0x000000060bc00000, 0x000000060c000000|  0%| F|  |TAMS 0x000000060bc00000, 0x000000060bc00000| Untracked 
|  44|0x000000060c000000, 0x000000060c000000, 0x000000060c400000|  0%| F|  |TAMS 0x000000060c000000, 0x000000060c000000| Untracked 
|  45|0x000000060c400000, 0x000000060c400000, 0x000000060c800000|  0%| F|  |TAMS 0x000000060c400000, 0x000000060c400000| Untracked 
|  46|0x000000060c800000, 0x000000060c800000, 0x000000060cc00000|  0%| F|  |TAMS 0x000000060c800000, 0x000000060c800000| Untracked 
|  47|0x000000060cc00000, 0x000000060cc00000, 0x000000060d000000|  0%| F|  |TAMS 0x000000060cc00000, 0x000000060cc00000| Untracked 
|  48|0x000000060d000000, 0x000000060d000000, 0x000000060d400000|  0%| F|  |TAMS 0x000000060d000000, 0x000000060d000000| Untracked 
|  49|0x000000060d400000, 0x000000060d400000, 0x000000060d800000|  0%| F|  |TAMS 0x000000060d400000, 0x000000060d400000| Untracked 
|  50|0x000000060d800000, 0x000000060d800000, 0x000000060dc00000|  0%| F|  |TAMS 0x000000060d800000, 0x000000060d800000| Untracked 
|  51|0x000000060dc00000, 0x000000060dc00000, 0x000000060e000000|  0%| F|  |TAMS 0x000000060dc00000, 0x000000060dc00000| Untracked 
|  52|0x000000060e000000, 0x000000060e000000, 0x000000060e400000|  0%| F|  |TAMS 0x000000060e000000, 0x000000060e000000| Untracked 
|  53|0x000000060e400000, 0x000000060e400000, 0x000000060e800000|  0%| F|  |TAMS 0x000000060e400000, 0x000000060e400000| Untracked 
|  54|0x000000060e800000, 0x000000060e800000, 0x000000060ec00000|  0%| F|  |TAMS 0x000000060e800000, 0x000000060e800000| Untracked 
|  55|0x000000060ec00000, 0x000000060ec00000, 0x000000060f000000|  0%| F|  |TAMS 0x000000060ec00000, 0x000000060ec00000| Untracked 
|  56|0x000000060f000000, 0x000000060f000000, 0x000000060f400000|  0%| F|  |TAMS 0x000000060f000000, 0x000000060f000000| Untracked 
|  57|0x000000060f400000, 0x000000060f400000, 0x000000060f800000|  0%| F|  |TAMS 0x000000060f400000, 0x000000060f400000| Untracked 
|  58|0x000000060f800000, 0x000000060f800000, 0x000000060fc00000|  0%| F|  |TAMS 0x000000060f800000, 0x000000060f800000| Untracked 
|  59|0x000000060fc00000, 0x000000060fc00000, 0x0000000610000000|  0%| F|  |TAMS 0x000000060fc00000, 0x000000060fc00000| Untracked 
|  60|0x0000000610000000, 0x0000000610000000, 0x0000000610400000|  0%| F|  |TAMS 0x0000000610000000, 0x0000000610000000| Untracked 
|  61|0x0000000610400000, 0x0000000610400000, 0x0000000610800000|  0%| F|  |TAMS 0x0000000610400000, 0x0000000610400000| Untracked 
|  62|0x0000000610800000, 0x0000000610800000, 0x0000000610c00000|  0%| F|  |TAMS 0x0000000610800000, 0x0000000610800000| Untracked 
|  63|0x0000000610c00000, 0x0000000610c00000, 0x0000000611000000|  0%| F|  |TAMS 0x0000000610c00000, 0x0000000610c00000| Untracked 
|  64|0x0000000611000000, 0x0000000611000000, 0x0000000611400000|  0%| F|  |TAMS 0x0000000611000000, 0x0000000611000000| Untracked 
|  65|0x0000000611400000, 0x0000000611400000, 0x0000000611800000|  0%| F|  |TAMS 0x0000000611400000, 0x0000000611400000| Untracked 
|  66|0x0000000611800000, 0x0000000611800000, 0x0000000611c00000|  0%| F|  |TAMS 0x0000000611800000, 0x0000000611800000| Untracked 
|  67|0x0000000611c00000, 0x0000000611c00000, 0x0000000612000000|  0%| F|  |TAMS 0x0000000611c00000, 0x0000000611c00000| Untracked 
|  68|0x0000000612000000, 0x0000000612000000, 0x0000000612400000|  0%| F|  |TAMS 0x0000000612000000, 0x0000000612000000| Untracked 
|  69|0x0000000612400000, 0x0000000612400000, 0x0000000612800000|  0%| F|  |TAMS 0x0000000612400000, 0x0000000612400000| Untracked 
|  70|0x0000000612800000, 0x0000000612800000, 0x0000000612c00000|  0%| F|  |TAMS 0x0000000612800000, 0x0000000612800000| Untracked 
|  71|0x0000000612c00000, 0x0000000612c00000, 0x0000000613000000|  0%| F|  |TAMS 0x0000000612c00000, 0x0000000612c00000| Untracked 
|  72|0x0000000613000000, 0x0000000613000000, 0x0000000613400000|  0%| F|  |TAMS 0x0000000613000000, 0x0000000613000000| Untracked 
|  73|0x0000000613400000, 0x0000000613400000, 0x0000000613800000|  0%| F|  |TAMS 0x0000000613400000, 0x0000000613400000| Untracked 
|  74|0x0000000613800000, 0x0000000613800000, 0x0000000613c00000|  0%| F|  |TAMS 0x0000000613800000, 0x0000000613800000| Untracked 
|  75|0x0000000613c00000, 0x0000000613c00000, 0x0000000614000000|  0%| F|  |TAMS 0x0000000613c00000, 0x0000000613c00000| Untracked 
|  76|0x0000000614000000, 0x0000000614000000, 0x0000000614400000|  0%| F|  |TAMS 0x0000000614000000, 0x0000000614000000| Untracked 
|  77|0x0000000614400000, 0x0000000614400000, 0x0000000614800000|  0%| F|  |TAMS 0x0000000614400000, 0x0000000614400000| Untracked 
|  78|0x0000000614800000, 0x0000000614800000, 0x0000000614c00000|  0%| F|  |TAMS 0x0000000614800000, 0x0000000614800000| Untracked 
|  79|0x0000000614c00000, 0x0000000614c00000, 0x0000000615000000|  0%| F|  |TAMS 0x0000000614c00000, 0x0000000614c00000| Untracked 
|  80|0x0000000615000000, 0x0000000615000000, 0x0000000615400000|  0%| F|  |TAMS 0x0000000615000000, 0x0000000615000000| Untracked 
|  81|0x0000000615400000, 0x0000000615400000, 0x0000000615800000|  0%| F|  |TAMS 0x0000000615400000, 0x0000000615400000| Untracked 
|  82|0x0000000615800000, 0x0000000615800000, 0x0000000615c00000|  0%| F|  |TAMS 0x0000000615800000, 0x0000000615800000| Untracked 
|  83|0x0000000615c00000, 0x0000000615c00000, 0x0000000616000000|  0%| F|  |TAMS 0x0000000615c00000, 0x0000000615c00000| Untracked 
|  84|0x0000000616000000, 0x0000000616000000, 0x0000000616400000|  0%| F|  |TAMS 0x0000000616000000, 0x0000000616000000| Untracked 
|  85|0x0000000616400000, 0x0000000616400000, 0x0000000616800000|  0%| F|  |TAMS 0x0000000616400000, 0x0000000616400000| Untracked 
|  86|0x0000000616800000, 0x0000000616800000, 0x0000000616c00000|  0%| F|  |TAMS 0x0000000616800000, 0x0000000616800000| Untracked 
|  87|0x0000000616c00000, 0x0000000616c00000, 0x0000000617000000|  0%| F|  |TAMS 0x0000000616c00000, 0x0000000616c00000| Untracked 
|  88|0x0000000617000000, 0x0000000617000000, 0x0000000617400000|  0%| F|  |TAMS 0x0000000617000000, 0x0000000617000000| Untracked 
|  89|0x0000000617400000, 0x0000000617400000, 0x0000000617800000|  0%| F|  |TAMS 0x0000000617400000, 0x0000000617400000| Untracked 
|  90|0x0000000617800000, 0x0000000617800000, 0x0000000617c00000|  0%| F|  |TAMS 0x0000000617800000, 0x0000000617800000| Untracked 
|  91|0x0000000617c00000, 0x0000000617c00000, 0x0000000618000000|  0%| F|  |TAMS 0x0000000617c00000, 0x0000000617c00000| Untracked 
|  92|0x0000000618000000, 0x0000000618000000, 0x0000000618400000|  0%| F|  |TAMS 0x0000000618000000, 0x0000000618000000| Untracked 
|  93|0x0000000618400000, 0x0000000618400000, 0x0000000618800000|  0%| F|  |TAMS 0x0000000618400000, 0x0000000618400000| Untracked 
|  94|0x0000000618800000, 0x0000000618800000, 0x0000000618c00000|  0%| F|  |TAMS 0x0000000618800000, 0x0000000618800000| Untracked 
|  95|0x0000000618c00000, 0x0000000618c00000, 0x0000000619000000|  0%| F|  |TAMS 0x0000000618c00000, 0x0000000618c00000| Untracked 
|  96|0x0000000619000000, 0x0000000619000000, 0x0000000619400000|  0%| F|  |TAMS 0x0000000619000000, 0x0000000619000000| Untracked 
|  97|0x0000000619400000, 0x0000000619400000, 0x0000000619800000|  0%| F|  |TAMS 0x0000000619400000, 0x0000000619400000| Untracked 
|  98|0x0000000619800000, 0x0000000619800000, 0x0000000619c00000|  0%| F|  |TAMS 0x0000000619800000, 0x0000000619800000| Untracked 
|  99|0x0000000619c00000, 0x0000000619c00000, 0x000000061a000000|  0%| F|  |TAMS 0x0000000619c00000, 0x0000000619c00000| Untracked 
| 100|0x000000061a000000, 0x000000061a000000, 0x000000061a400000|  0%| F|  |TAMS 0x000000061a000000, 0x000000061a000000| Untracked 
| 101|0x000000061a400000, 0x000000061a400000, 0x000000061a800000|  0%| F|  |TAMS 0x000000061a400000, 0x000000061a400000| Untracked 
| 102|0x000000061a800000, 0x000000061a800000, 0x000000061ac00000|  0%| F|  |TAMS 0x000000061a800000, 0x000000061a800000| Untracked 
| 103|0x000000061ac00000, 0x000000061ac00000, 0x000000061b000000|  0%| F|  |TAMS 0x000000061ac00000, 0x000000061ac00000| Untracked 
| 104|0x000000061b000000, 0x000000061b000000, 0x000000061b400000|  0%| F|  |TAMS 0x000000061b000000, 0x000000061b000000| Untracked 
| 105|0x000000061b400000, 0x000000061b400000, 0x000000061b800000|  0%| F|  |TAMS 0x000000061b400000, 0x000000061b400000| Untracked 
| 106|0x000000061b800000, 0x000000061b800000, 0x000000061bc00000|  0%| F|  |TAMS 0x000000061b800000, 0x000000061b800000| Untracked 
| 107|0x000000061bc00000, 0x000000061bc00000, 0x000000061c000000|  0%| F|  |TAMS 0x000000061bc00000, 0x000000061bc00000| Untracked 
| 108|0x000000061c000000, 0x000000061c000000, 0x000000061c400000|  0%| F|  |TAMS 0x000000061c000000, 0x000000061c000000| Untracked 
| 109|0x000000061c400000, 0x000000061c400000, 0x000000061c800000|  0%| F|  |TAMS 0x000000061c400000, 0x000000061c400000| Untracked 
| 110|0x000000061c800000, 0x000000061c800000, 0x000000061cc00000|  0%| F|  |TAMS 0x000000061c800000, 0x000000061c800000| Untracked 
| 111|0x000000061cc00000, 0x000000061cc00000, 0x000000061d000000|  0%| F|  |TAMS 0x000000061cc00000, 0x000000061cc00000| Untracked 
| 112|0x000000061d000000, 0x000000061d000000, 0x000000061d400000|  0%| F|  |TAMS 0x000000061d000000, 0x000000061d000000| Untracked 
| 113|0x000000061d400000, 0x000000061d400000, 0x000000061d800000|  0%| F|  |TAMS 0x000000061d400000, 0x000000061d400000| Untracked 
| 114|0x000000061d800000, 0x000000061d800000, 0x000000061dc00000|  0%| F|  |TAMS 0x000000061d800000, 0x000000061d800000| Untracked 
| 115|0x000000061dc00000, 0x000000061dc00000, 0x000000061e000000|  0%| F|  |TAMS 0x000000061dc00000, 0x000000061dc00000| Untracked 
| 116|0x000000061e000000, 0x000000061e000000, 0x000000061e400000|  0%| F|  |TAMS 0x000000061e000000, 0x000000061e000000| Untracked 
| 117|0x000000061e400000, 0x000000061e400000, 0x000000061e800000|  0%| F|  |TAMS 0x000000061e400000, 0x000000061e400000| Untracked 
| 118|0x000000061e800000, 0x000000061e800000, 0x000000061ec00000|  0%| F|  |TAMS 0x000000061e800000, 0x000000061e800000| Untracked 
| 119|0x000000061ec00000, 0x000000061ec00000, 0x000000061f000000|  0%| F|  |TAMS 0x000000061ec00000, 0x000000061ec00000| Untracked 
| 120|0x000000061f000000, 0x000000061f348670, 0x000000061f400000| 82%| E|  |TAMS 0x000000061f000000, 0x000000061f000000| Complete 
| 121|0x000000061f400000, 0x000000061f762750, 0x000000061f800000| 84%| S|CS|TAMS 0x000000061f400000, 0x000000061f400000| Complete 
| 122|0x000000061f800000, 0x000000061fc00000, 0x000000061fc00000|100%| E|CS|TAMS 0x000000061f800000, 0x000000061f800000| Complete 
| 123|0x000000061fc00000, 0x0000000620000000, 0x0000000620000000|100%| E|CS|TAMS 0x000000061fc00000, 0x000000061fc00000| Complete 
| 124|0x0000000620000000, 0x0000000620400000, 0x0000000620400000|100%| E|CS|TAMS 0x0000000620000000, 0x0000000620000000| Complete 
| 125|0x0000000620400000, 0x0000000620800000, 0x0000000620800000|100%| E|CS|TAMS 0x0000000620400000, 0x0000000620400000| Complete 
| 126|0x0000000620800000, 0x0000000620c00000, 0x0000000620c00000|100%| E|CS|TAMS 0x0000000620800000, 0x0000000620800000| Complete 
| 127|0x0000000620c00000, 0x0000000621000000, 0x0000000621000000|100%| E|CS|TAMS 0x0000000620c00000, 0x0000000620c00000| Complete 

Card table byte_map: [0x0000018bc2c70000,0x0000018bc3c70000] _byte_map_base: 0x0000018bbfc68000

Marking Bits (Prev, Next): (CMBitMap*) 0x0000018ba8ca6120, (CMBitMap*) 0x0000018ba8ca6160
 Prev Bits: [0x0000018bc4c70000, 0x0000018bccc30000)
 Next Bits: [0x0000018bccc30000, 0x0000018bd4bf0000)

Polling page: 0x0000018ba8cd0000

Metaspace:

Usage:
  Non-class:      6.83 MB used.
      Class:    427.89 KB used.
       Both:      7.25 MB used.

Virtual space:
  Non-class space:       64.00 MB reserved,       6.94 MB ( 11%) committed,  1 nodes.
      Class space:        1.00 GB reserved,     576.00 KB ( <1%) committed,  1 nodes.
             Both:        1.06 GB reserved,       7.50 MB ( <1%) committed. 

Chunk freelists:
   Non-Class:  7.34 MB
       Class:  15.49 MB
        Both:  22.83 MB

MaxMetaspaceSize: unlimited
CompressedClassSpaceSize: 1.00 GB
Initial GC threshold: 21.00 MB
Current GC threshold: 21.00 MB
CDS: on
MetaspaceReclaimPolicy: balanced
 - commit_granule_bytes: 65536.
 - commit_granule_words: 8192.
 - virtual_space_node_default_size: 8388608.
 - enlarge_chunks_in_place: 1.
 - new_chunks_are_fully_committed: 0.
 - uncommit_free_chunks: 1.
 - use_allocation_guard: 0.
 - handle_deallocations: 1.


Internal statistics:

num_allocs_failed_limit: 0.
num_arena_births: 152.
num_arena_deaths: 0.
num_vsnodes_births: 2.
num_vsnodes_deaths: 0.
num_space_committed: 118.
num_space_uncommitted: 0.
num_chunks_returned_to_freelist: 0.
num_chunks_taken_from_freelist: 356.
num_chunk_merges: 0.
num_chunk_splits: 254.
num_chunks_enlarged: 185.
num_inconsistent_stats: 0.

CodeHeap 'non-profiled nmethods': size=119168Kb used=393Kb max_used=393Kb free=118774Kb
 bounds [0x0000018bb9840000, 0x0000018bb9ab0000, 0x0000018bc0ca0000]
CodeHeap 'profiled nmethods': size=119104Kb used=1906Kb max_used=1906Kb free=117197Kb
 bounds [0x0000018bb1ca0000, 0x0000018bb1f10000, 0x0000018bb90f0000]
CodeHeap 'non-nmethods': size=7488Kb used=3395Kb max_used=3421Kb free=4093Kb
 bounds [0x0000018bb90f0000, 0x0000018bb9450000, 0x0000018bb9840000]
 total_blobs=2321 nmethods=1150 adapters=1081
 compilation: enabled
              stopped_count=0, restarted_count=0
 full_count=0

Compilation events (20 events):
Event: 0.957 Thread 0x0000018c28437be0 1137       3       java.lang.invoke.MethodHandleNatives::refKindIsGetter (32 bytes)
Event: 0.957 Thread 0x0000018bd73a15b0 1138       3       jdk.internal.org.objectweb.asm.Type::getReturnTypeOffset (64 bytes)
Event: 0.957 Thread 0x0000018c28437be0 nmethod 1137 0x0000018bb1e78110 code [0x0000018bb1e782a0, 0x0000018bb1e783f8]
Event: 0.957 Thread 0x0000018c28437be0 1141       3       java.util.ArrayList::<init> (12 bytes)
Event: 0.957 Thread 0x0000018c28437be0 nmethod 1141 0x0000018bb1e78490 code [0x0000018bb1e78640, 0x0000018bb1e788d8]
Event: 0.957 Thread 0x0000018bd73a15b0 nmethod 1138 0x0000018bb1e78a10 code [0x0000018bb1e78d40, 0x0000018bb1e7a138]
Event: 0.958 Thread 0x0000018bd73a15b0 1144       3       jdk.internal.math.FDBigInteger::mult (64 bytes)
Event: 0.958 Thread 0x0000018c19154fd0 1145       3       jdk.internal.math.FDBigInteger::<init> (30 bytes)
Event: 0.958 Thread 0x0000018bd73d91c0 1146       3       jdk.internal.math.FDBigInteger::trimLeadingZeros (57 bytes)
Event: 0.958 Thread 0x0000018c28437be0 1147       3       jdk.internal.math.FDBigInteger::makeImmutable (6 bytes)
Event: 0.958 Thread 0x0000018c28437be0 nmethod 1147 0x0000018bb1e7a890 code [0x0000018bb1e7aa20, 0x0000018bb1e7ab38]
Event: 0.958 Thread 0x0000018c28437be0 1148       3       jdk.internal.math.FDBigInteger::mult (44 bytes)
Event: 0.958 Thread 0x0000018bd73a15b0 nmethod 1144 0x0000018bb1e7ac10 code [0x0000018bb1e7adc0, 0x0000018bb1e7b038]
Event: 0.958 Thread 0x0000018c19154fd0 nmethod 1145 0x0000018bb1e7b210 code [0x0000018bb1e7b3c0, 0x0000018bb1e7b5c8]
Event: 0.958 Thread 0x0000018bd73d91c0 nmethod 1146 0x0000018bb1e7b710 code [0x0000018bb1e7b8c0, 0x0000018bb1e7bb98]
Event: 0.958 Thread 0x0000018c28437be0 nmethod 1148 0x0000018bb1e7bc90 code [0x0000018bb1e7be60, 0x0000018bb1e7c298]
Event: 0.958 Thread 0x0000018bd73d91c0 1149       3       java.lang.invoke.MethodTypeForm::cachedLambdaForm (23 bytes)
Event: 0.958 Thread 0x0000018bd73d91c0 nmethod 1149 0x0000018bb1e7c410 code [0x0000018bb1e7c5c0, 0x0000018bb1e7c928]
Event: 1.027 Thread 0x0000018bd73d67f0 1150       4       java.lang.StringLatin1::getChar (9 bytes)
Event: 1.027 Thread 0x0000018bd73d67f0 nmethod 1150 0x0000018bb98a2190 code [0x0000018bb98a2300, 0x0000018bb98a2398]

GC Heap History (2 events):
Event: 0.606 GC heap before
{Heap before GC invocations=0 (full 0):
 garbage-first heap   total 524288K, used 20480K [0x0000000601000000, 0x0000000800000000)
  region size 4096K, 6 young (24576K), 0 survivors (0K)
 Metaspace       used 7324K, committed 7552K, reserved 1114112K
  class space    used 412K, committed 512K, reserved 1048576K
}
Event: 0.608 GC heap after
{Heap after GC invocations=1 (full 0):
 garbage-first heap   total 524288K, used 3465K [0x0000000601000000, 0x0000000800000000)
  region size 4096K, 1 young (4096K), 1 survivors (4096K)
 Metaspace       used 7324K, committed 7552K, reserved 1114112K
  class space    used 412K, committed 512K, reserved 1048576K
}

Deoptimization events (20 events):
Event: 0.260 Thread 0x0000018ba8bfa460 Uncommon trap: trap_request=0xffffff54 fr.pc=0x0000018bb987105c relative=0x000000000000005c
Event: 0.260 Thread 0x0000018ba8bfa460 Uncommon trap: reason=speculate_null_assert action=make_not_entrant pc=0x0000018bb987105c method=sun.misc.Unsafe.getLong(Ljava/lang/Object;J)J @ 5 c2
Event: 0.260 Thread 0x0000018ba8bfa460 DEOPT PACKING pc=0x0000018bb987105c sp=0x0000004b6a0fee90
Event: 0.260 Thread 0x0000018ba8bfa460 DEOPT UNPACKING pc=0x0000018bb91423a3 sp=0x0000004b6a0fee18 mode 2
Event: 0.321 Thread 0x0000018ba8bfa460 Uncommon trap: trap_request=0xffffff54 fr.pc=0x0000018bb9870a60 relative=0x0000000000000060
Event: 0.321 Thread 0x0000018ba8bfa460 Uncommon trap: reason=speculate_null_assert action=make_not_entrant pc=0x0000018bb9870a60 method=sun.misc.Unsafe.putLong(Ljava/lang/Object;JJ)V @ 7 c2
Event: 0.321 Thread 0x0000018ba8bfa460 DEOPT PACKING pc=0x0000018bb9870a60 sp=0x0000004b6a0fef50
Event: 0.321 Thread 0x0000018ba8bfa460 DEOPT UNPACKING pc=0x0000018bb91423a3 sp=0x0000004b6a0feec8 mode 2
Event: 0.383 Thread 0x0000018ba8bfa460 DEOPT PACKING pc=0x0000018bb1ceab65 sp=0x0000004b6a0fc670
Event: 0.383 Thread 0x0000018ba8bfa460 DEOPT UNPACKING pc=0x0000018bb9142b43 sp=0x0000004b6a0fbac0 mode 0
Event: 0.428 Thread 0x0000018ba8bfa460 Uncommon trap: trap_request=0xffffff6e fr.pc=0x0000018bb987fe28 relative=0x0000000000000408
Event: 0.428 Thread 0x0000018ba8bfa460 Uncommon trap: reason=loop_limit_check action=maybe_recompile pc=0x0000018bb987fe28 method=java.lang.StringLatin1.indexOf([BI[BII)I @ 37 c2
Event: 0.428 Thread 0x0000018ba8bfa460 DEOPT PACKING pc=0x0000018bb987fe28 sp=0x0000004b6a0fd830
Event: 0.428 Thread 0x0000018ba8bfa460 DEOPT UNPACKING pc=0x0000018bb91423a3 sp=0x0000004b6a0fd790 mode 2
Event: 0.484 Thread 0x0000018ba8bfa460 DEOPT PACKING pc=0x0000018bb1e30007 sp=0x0000004b6a0fe340
Event: 0.484 Thread 0x0000018ba8bfa460 DEOPT UNPACKING pc=0x0000018bb9142b43 sp=0x0000004b6a0fd760 mode 0
Event: 0.484 Thread 0x0000018ba8bfa460 DEOPT PACKING pc=0x0000018bb1d990d2 sp=0x0000004b6a0fe310
Event: 0.484 Thread 0x0000018ba8bfa460 DEOPT UNPACKING pc=0x0000018bb9142b43 sp=0x0000004b6a0fd7a8 mode 0
Event: 0.485 Thread 0x0000018ba8bfa460 DEOPT PACKING pc=0x0000018bb1d990d2 sp=0x0000004b6a0fe310
Event: 0.485 Thread 0x0000018ba8bfa460 DEOPT UNPACKING pc=0x0000018bb9142b43 sp=0x0000004b6a0fd7a8 mode 0

Classes unloaded (0 events):
No events

Classes redefined (0 events):
No events

Internal exceptions (20 events):
Event: 0.141 Thread 0x0000018ba8bfa460 Exception <a 'java/lang/NoSuchMethodError'{0x0000000620abe288}: 'java.lang.Object java.lang.invoke.DirectMethodHandle$Holder.newInvokeSpecial(java.lang.Object, java.lang.Object, int)'> (0x0000000620abe288) 
thrown [s\open\src\hotspot\share\interpreter\linkResolver.cpp, line 759]
Event: 0.142 Thread 0x0000018ba8bfa460 Exception <a 'java/lang/NoSuchMethodError'{0x0000000620acd138}: 'int java.lang.invoke.DirectMethodHandle$Holder.invokeStaticInit(java.lang.Object, java.lang.Object, long, long)'> (0x0000000620acd138) 
thrown [s\open\src\hotspot\share\interpreter\linkResolver.cpp, line 759]
Event: 0.143 Thread 0x0000018ba8bfa460 Exception <a 'java/lang/NoSuchMethodError'{0x0000000620ad3248}: 'java.lang.Object java.lang.invoke.DirectMethodHandle$Holder.newInvokeSpecial(java.lang.Object, java.lang.Object, long)'> (0x0000000620ad3248) 
thrown [s\open\src\hotspot\share\interpreter\linkResolver.cpp, line 759]
Event: 0.143 Thread 0x0000018ba8bfa460 Exception <a 'java/lang/NoSuchMethodError'{0x0000000620ad7538}: 'java.lang.Object java.lang.invoke.Invokers$Holder.linkToTargetMethod(java.lang.Object, long, java.lang.Object)'> (0x0000000620ad7538) 
thrown [s\open\src\hotspot\share\interpreter\linkResolver.cpp, line 759]
Event: 0.143 Thread 0x0000018ba8bfa460 Exception <a 'java/lang/NoSuchMethodError'{0x0000000620adec50}: 'int java.lang.invoke.DirectMethodHandle$Holder.invokeStaticInit(java.lang.Object, java.lang.Object, java.lang.Object, long)'> (0x0000000620adec50) 
thrown [s\open\src\hotspot\share\interpreter\linkResolver.cpp, line 759]
Event: 0.155 Thread 0x0000018ba8bfa460 Exception <a 'sun/nio/fs/WindowsException'{0x0000000620b8ec10}> (0x0000000620b8ec10) 
thrown [s\open\src\hotspot\share\prims\jni.cpp, line 516]
Event: 0.155 Thread 0x0000018ba8bfa460 Exception <a 'sun/nio/fs/WindowsException'{0x0000000620b8ef70}> (0x0000000620b8ef70) 
thrown [s\open\src\hotspot\share\prims\jni.cpp, line 516]
Event: 0.241 Thread 0x0000018ba8bfa460 Exception <a 'sun/nio/fs/WindowsException'{0x000000062040cba0}> (0x000000062040cba0) 
thrown [s\open\src\hotspot\share\prims\jni.cpp, line 516]
Event: 0.241 Thread 0x0000018ba8bfa460 Exception <a 'sun/nio/fs/WindowsException'{0x000000062040cf40}> (0x000000062040cf40) 
thrown [s\open\src\hotspot\share\prims\jni.cpp, line 516]
Event: 0.245 Thread 0x0000018ba8bfa460 Exception <a 'sun/nio/fs/WindowsException'{0x0000000620418948}> (0x0000000620418948) 
thrown [s\open\src\hotspot\share\prims\jni.cpp, line 516]
Event: 0.245 Thread 0x0000018ba8bfa460 Exception <a 'sun/nio/fs/WindowsException'{0x0000000620418c18}> (0x0000000620418c18) 
thrown [s\open\src\hotspot\share\prims\jni.cpp, line 516]
Event: 0.298 Thread 0x0000018ba8bfa460 Exception <a 'java/lang/NoSuchMethodError'{0x0000000620541cf8}: 'void java.lang.invoke.DirectMethodHandle$Holder.invokeStatic(java.lang.Object, long, int, int)'> (0x0000000620541cf8) 
thrown [s\open\src\hotspot\share\interpreter\linkResolver.cpp, line 759]
Event: 0.432 Thread 0x0000018ba8bfa460 Exception <a 'sun/nio/fs/WindowsException'{0x00000006202fbd70}> (0x00000006202fbd70) 
thrown [s\open\src\hotspot\share\prims\jni.cpp, line 516]
Event: 0.432 Thread 0x0000018ba8bfa460 Exception <a 'sun/nio/fs/WindowsException'{0x00000006202fc0f0}> (0x00000006202fc0f0) 
thrown [s\open\src\hotspot\share\prims\jni.cpp, line 516]
Event: 0.457 Thread 0x0000018ba8bfa460 Exception <a 'sun/nio/fs/WindowsException'{0x0000000620382400}> (0x0000000620382400) 
thrown [s\open\src\hotspot\share\prims\jni.cpp, line 516]
Event: 0.457 Thread 0x0000018ba8bfa460 Exception <a 'sun/nio/fs/WindowsException'{0x0000000620382778}> (0x0000000620382778) 
thrown [s\open\src\hotspot\share\prims\jni.cpp, line 516]
Event: 0.481 Thread 0x0000018ba8bfa460 Exception <a 'sun/nio/fs/WindowsException'{0x00000006203927a0}> (0x00000006203927a0) 
thrown [s\open\src\hotspot\share\prims\jni.cpp, line 516]
Event: 0.481 Thread 0x0000018ba8bfa460 Exception <a 'sun/nio/fs/WindowsException'{0x0000000620392b20}> (0x0000000620392b20) 
thrown [s\open\src\hotspot\share\prims\jni.cpp, line 516]
Event: 0.530 Thread 0x0000018ba8bfa460 Exception <a 'java/lang/NoSuchMethodError'{0x000000061f952cf0}: 'void java.lang.invoke.DirectMethodHandle$Holder.invokeStatic(java.lang.Object, long)'> (0x000000061f952cf0) 
thrown [s\open\src\hotspot\share\interpreter\linkResolver.cpp, line 759]
Event: 0.665 Thread 0x0000018ba8bfa460 Exception <a 'java/lang/NoSuchMethodError'{0x000000061f239620}: 'void java.lang.invoke.DirectMethodHandle$Holder.invokeVirtual(java.lang.Object, java.lang.Object)'> (0x000000061f239620) 
thrown [s\open\src\hotspot\share\interpreter\linkResolver.cpp, line 759]

VM Operations (8 events):
Event: 0.050 Executing VM operation: HandshakeAllThreads
Event: 0.050 Executing VM operation: HandshakeAllThreads done
Event: 0.076 Executing VM operation: HandshakeAllThreads
Event: 0.076 Executing VM operation: HandshakeAllThreads done
Event: 0.606 Executing VM operation: G1CollectForAllocation
Event: 0.608 Executing VM operation: G1CollectForAllocation done
Event: 1.613 Executing VM operation: Cleanup
Event: 1.613 Executing VM operation: Cleanup done

Events (20 events):
Event: 0.517 Thread 0x0000018c286de0b0 Thread added: 0x0000018c286de0b0
Event: 0.517 Thread 0x0000018c286de5d0 Thread added: 0x0000018c286de5d0
Event: 0.518 Thread 0x0000018c2862b520 Thread added: 0x0000018c2862b520
Event: 0.664 loading class java/nio/file/FileVisitOption
Event: 0.664 loading class java/nio/file/FileVisitOption done
Event: 0.665 loading class java/nio/file/FileTreeIterator
Event: 0.665 loading class java/nio/file/FileTreeIterator done
Event: 0.665 loading class java/nio/file/FileTreeWalker
Event: 0.665 loading class java/nio/file/FileTreeWalker done
Event: 0.665 loading class java/nio/file/FileTreeWalker$DirectoryNode
Event: 0.665 loading class java/nio/file/FileTreeWalker$DirectoryNode done
Event: 0.665 loading class java/nio/file/FileTreeWalker$Event
Event: 0.665 loading class java/nio/file/FileTreeWalker$Event done
Event: 0.665 loading class java/nio/file/FileTreeWalker$EventType
Event: 0.665 loading class java/nio/file/FileTreeWalker$EventType done
Event: 0.955 Thread 0x0000018c2862b520 Thread exited: 0x0000018c2862b520
Event: 0.956 Thread 0x0000018c286de5d0 Thread exited: 0x0000018c286de5d0
Event: 0.956 Thread 0x0000018c286de0b0 Thread exited: 0x0000018c286de0b0
Event: 0.958 loading class jdk/internal/math/FDBigInteger
Event: 0.958 loading class jdk/internal/math/FDBigInteger done


Dynamic libraries:
0x00007ff66ab80000 - 0x00007ff66ab90000 	C:\Program Files\Java\jdk-17\bin\java.exe
0x00007ffc377b0000 - 0x00007ffc379a8000 	C:\Windows\SYSTEM32\ntdll.dll
0x00007ffc36b10000 - 0x00007ffc36bd2000 	C:\Windows\System32\KERNEL32.DLL
0x00007ffc35300000 - 0x00007ffc355f6000 	C:\Windows\System32\KERNELBASE.dll
0x00007ffc35600000 - 0x00007ffc35700000 	C:\Windows\System32\ucrtbase.dll
0x00007ffc1e6c0000 - 0x00007ffc1e6d9000 	C:\Program Files\Java\jdk-17\bin\jli.dll
0x00007ffc1e6e0000 - 0x00007ffc1e6fb000 	C:\Program Files\Java\jdk-17\bin\VCRUNTIME140.dll
0x00007ffc35eb0000 - 0x00007ffc35f5f000 	C:\Windows\System32\ADVAPI32.dll
0x00007ffc361c0000 - 0x00007ffc3625e000 	C:\Windows\System32\msvcrt.dll
0x00007ffc362e0000 - 0x00007ffc3637f000 	C:\Windows\System32\sechost.dll
0x00007ffc357e0000 - 0x00007ffc35903000 	C:\Windows\System32\RPCRT4.dll
0x00007ffc357b0000 - 0x00007ffc357d7000 	C:\Windows\System32\bcrypt.dll
0x00007ffc36020000 - 0x00007ffc361bd000 	C:\Windows\System32\USER32.dll
0x00007ffc34fc0000 - 0x00007ffc34fe2000 	C:\Windows\System32\win32u.dll
0x00007ffc1e850000 - 0x00007ffc1eaea000 	C:\Windows\WinSxS\amd64_microsoft.windows.common-controls_6595b64144ccf1df_6.0.19041.5794_none_60bcd33171f2783c\COMCTL32.dll
0x00007ffc36ae0000 - 0x00007ffc36b0b000 	C:\Windows\System32\GDI32.dll
0x00007ffc351e0000 - 0x00007ffc352fa000 	C:\Windows\System32\gdi32full.dll
0x00007ffc34e50000 - 0x00007ffc34eed000 	C:\Windows\System32\msvcp_win.dll
0x00007ffc2bcf0000 - 0x00007ffc2bcfa000 	C:\Windows\SYSTEM32\VERSION.dll
0x00007ffc35d50000 - 0x00007ffc35d7f000 	C:\Windows\System32\IMM32.DLL
0x00007ffc143b0000 - 0x00007ffc143bc000 	C:\Program Files\Java\jdk-17\bin\vcruntime140_1.dll
0x00007ffc04df0000 - 0x00007ffc04e7e000 	C:\Program Files\Java\jdk-17\bin\msvcp140.dll
0x00007ffb94a50000 - 0x00007ffb95630000 	C:\Program Files\Java\jdk-17\bin\server\jvm.dll
0x00007ffc37760000 - 0x00007ffc37768000 	C:\Windows\System32\PSAPI.DLL
0x00007ffc1a420000 - 0x00007ffc1a429000 	C:\Windows\SYSTEM32\WSOCK32.dll
0x00007ffc29150000 - 0x00007ffc29177000 	C:\Windows\SYSTEM32\WINMM.dll
0x00007ffc376f0000 - 0x00007ffc3775b000 	C:\Windows\System32\WS2_32.dll
0x00007ffc338e0000 - 0x00007ffc338f2000 	C:\Windows\SYSTEM32\kernel.appcore.dll
0x00007ffc12fd0000 - 0x00007ffc12fda000 	C:\Program Files\Java\jdk-17\bin\jimage.dll
0x00007ffc33440000 - 0x00007ffc33641000 	C:\Windows\SYSTEM32\DBGHELP.DLL
0x00007ffc13ff0000 - 0x00007ffc14024000 	C:\Windows\SYSTEM32\dbgcore.DLL
0x00007ffc34ff0000 - 0x00007ffc35072000 	C:\Windows\System32\bcryptPrimitives.dll
0x00007ffc0e750000 - 0x00007ffc0e75e000 	C:\Program Files\Java\jdk-17\bin\instrument.dll
0x00007ffc0e720000 - 0x00007ffc0e745000 	C:\Program Files\Java\jdk-17\bin\java.dll
0x00007ffbfbe40000 - 0x00007ffbfbf17000 	C:\Program Files\Java\jdk-17\bin\jsvml.dll
0x00007ffc36e00000 - 0x00007ffc3756e000 	C:\Windows\System32\SHELL32.dll
0x00007ffc32c90000 - 0x00007ffc33433000 	C:\Windows\SYSTEM32\windows.storage.dll
0x00007ffc35990000 - 0x00007ffc35ce3000 	C:\Windows\System32\combase.dll
0x00007ffc34810000 - 0x00007ffc3483b000 	C:\Windows\SYSTEM32\Wldp.dll
0x00007ffc365a0000 - 0x00007ffc3666d000 	C:\Windows\System32\OLEAUT32.dll
0x00007ffc36380000 - 0x00007ffc3642d000 	C:\Windows\System32\SHCORE.dll
0x00007ffc37690000 - 0x00007ffc376e5000 	C:\Windows\System32\shlwapi.dll
0x00007ffc34d80000 - 0x00007ffc34da5000 	C:\Windows\SYSTEM32\profapi.dll
0x00007ffbfbda0000 - 0x00007ffbfbdb8000 	C:\Program Files\Java\jdk-17\bin\zip.dll
0x00007ffc04dd0000 - 0x00007ffc04de9000 	C:\Program Files\Java\jdk-17\bin\net.dll
0x00007ffc2c020000 - 0x00007ffc2c12a000 	C:\Windows\SYSTEM32\WINHTTP.dll
0x00007ffc34570000 - 0x00007ffc345dc000 	C:\Windows\system32\mswsock.dll
0x00007ffc04db0000 - 0x00007ffc04dc6000 	C:\Program Files\Java\jdk-17\bin\nio.dll
0x00007ffbba650000 - 0x00007ffbba66a000 	C:\Program Files\JetBrains\IntelliJ IDEA Community Edition 2024.2.3\bin\breakgen64.dll
0x00007ffc0e710000 - 0x00007ffc0e720000 	C:\Program Files\Java\jdk-17\bin\verify.dll
0x00007ffbba540000 - 0x00007ffbba5be000 	C:\Users\rando\AppData\Local\Temp\lwjgl_rando\3.3.6+1\x64\lwjgl.dll
0x00007ffb90ed0000 - 0x00007ffb90f59000 	C:\Users\rando\AppData\Local\Temp\lwjgl_rando\3.3.6+1\x64\glfw.dll
0x00007ffb94950000 - 0x00007ffb94995000 	C:\Windows\SYSTEM32\dinput8.dll
0x00007ffbba520000 - 0x00007ffbba531000 	C:\Windows\SYSTEM32\xinput1_4.dll
0x00007ffc34f70000 - 0x00007ffc34fbe000 	C:\Windows\System32\cfgmgr32.dll
0x00007ffc34b70000 - 0x00007ffc34ba3000 	C:\Windows\SYSTEM32\DEVOBJ.dll
0x00007ffc31d10000 - 0x00007ffc31d3f000 	C:\Windows\SYSTEM32\dwmapi.dll
0x00007ffc28220000 - 0x00007ffc28372000 	C:\Windows\SYSTEM32\inputhost.dll
0x00007ffc30a50000 - 0x00007ffc30ba7000 	C:\Windows\SYSTEM32\wintypes.dll
0x00007ffc31260000 - 0x00007ffc31354000 	C:\Windows\SYSTEM32\PROPSYS.dll
0x00007ffc2ef90000 - 0x00007ffc2f082000 	C:\Windows\SYSTEM32\CoreMessaging.dll
0x00007ffc2e620000 - 0x00007ffc2e97b000 	C:\Windows\SYSTEM32\CoreUIComponents.dll
0x00007ffc340e0000 - 0x00007ffc34113000 	C:\Windows\SYSTEM32\ntmarta.dll
0x00007ffc31890000 - 0x00007ffc3192e000 	C:\Windows\system32\uxtheme.dll
0x00007ffc37570000 - 0x00007ffc37685000 	C:\Windows\System32\MSCTF.dll
0x00007ffbccbc0000 - 0x00007ffbccce8000 	C:\Windows\SYSTEM32\opengl32.dll
0x00007ffbcc9a0000 - 0x00007ffbcc9cc000 	C:\Windows\SYSTEM32\GLU32.dll
0x00007ffc35f60000 - 0x00007ffc36009000 	C:\Windows\System32\clbcatq.dll
0x00007ffc22700000 - 0x00007ffc22730000 	C:\Windows\System32\DriverStore\FileRepository\u0415347.inf_amd64_bbe1f1da43e3d52f\B415056\atig6pxx.dll
0x00007ffb9a610000 - 0x00007ffb9e42f000 	C:\Windows\System32\DriverStore\FileRepository\u0415347.inf_amd64_bbe1f1da43e3d52f\B415056\atio6axx.dll
0x00007ffc35d80000 - 0x00007ffc35eab000 	C:\Windows\System32\ole32.dll
0x00007ffc36670000 - 0x00007ffc36ae0000 	C:\Windows\System32\SETUPAPI.dll
0x00007ffc34ef0000 - 0x00007ffc34f63000 	C:\Windows\System32\WINTRUST.dll
0x00007ffc35080000 - 0x00007ffc351dd000 	C:\Windows\System32\CRYPT32.dll
0x00007ffc349a0000 - 0x00007ffc349b2000 	C:\Windows\SYSTEM32\MSASN1.dll
0x00007ffc23040000 - 0x00007ffc2307c000 	C:\Windows\System32\DriverStore\FileRepository\u0415347.inf_amd64_bbe1f1da43e3d52f\B415056\amdihk64.dll
0x00007ffb90e70000 - 0x00007ffb90ecd000 	C:\Users\rando\AppData\Local\Temp\lwjgl_rando\3.3.6+1\x64\lwjgl_opengl.dll
0x00007ffc28380000 - 0x00007ffc28479000 	C:\Windows\SYSTEM32\textinputframework.dll
0x00007ffc0ccd0000 - 0x00007ffc0cd36000 	C:\Windows\system32\Oleacc.dll
0x00007ffb90dd0000 - 0x00007ffb90e69000 	C:\Users\rando\AppData\Local\Temp\lwjgl_rando\3.3.6+1\x64\lwjgl_stb.dll
0x00007ffb718c0000 - 0x00007ffb719f3000 	C:\Users\rando\AppData\Local\Temp\lwjgl_rando\3.3.6+1\x64\draco.dll
0x00007ffb6dc70000 - 0x00007ffb6e1cf000 	C:\Users\rando\AppData\Local\Temp\lwjgl_rando\3.3.6+1\x64\assimp.dll

dbghelp: loaded successfully - version: 4.0.5 - missing functions: none
symbol engine: initialized successfully - sym options: 0x614 - pdb path: .;C:\Program Files\Java\jdk-17\bin;C:\Windows\SYSTEM32;C:\Windows\WinSxS\amd64_microsoft.windows.common-controls_6595b64144ccf1df_6.0.19041.5794_none_60bcd33171f2783c;C:\Program Files\Java\jdk-17\bin\server;C:\Program Files\JetBrains\IntelliJ IDEA Community Edition 2024.2.3\bin;C:\Users\rando\AppData\Local\Temp\lwjgl_rando\3.3.6+1\x64;C:\Windows\System32\DriverStore\FileRepository\u0415347.inf_amd64_bbe1f1da43e3d52f\B415056

VM Arguments:
jvm_args: -javaagent:C:\Program Files\JetBrains\IntelliJ IDEA Community Edition 2024.2.3\lib\idea_rt.jar=50371:C:\Program Files\JetBrains\IntelliJ IDEA Community Edition 2024.2.3\bin -Dfile.encoding=UTF-8 
java_command: net.absolutecinema.Main
java_class_path (initial): C:\Users\rando\IdeaProjects\absolutecinema\target\classes;C:\Users\rando\.m2\repository\org\lwjgl\lwjgl\3.3.6\lwjgl-3.3.6.jar;C:\Users\rando\.m2\repository\org\lwjgl\lwjgl-assimp\3.3.6\lwjgl-assimp-3.3.6.jar;C:\Users\rando\.m2\repository\org\lwjgl\lwjgl-glfw\3.3.6\lwjgl-glfw-3.3.6.jar;C:\Users\rando\.m2\repository\org\lwjgl\lwjgl-openal\3.3.6\lwjgl-openal-3.3.6.jar;C:\Users\rando\.m2\repository\org\lwjgl\lwjgl-opengl\3.3.6\lwjgl-opengl-3.3.6.jar;C:\Users\rando\.m2\repository\org\lwjgl\lwjgl-stb\3.3.6\lwjgl-stb-3.3.6.jar;C:\Users\rando\.m2\repository\org\lwjgl\lwjgl\3.3.6\lwjgl-3.3.6-natives-windows.jar;C:\Users\rando\.m2\repository\org\lwjgl\lwjgl-assimp\3.3.6\lwjgl-assimp-3.3.6-natives-windows.jar;C:\Users\rando\.m2\repository\org\lwjgl\lwjgl-glfw\3.3.6\lwjgl-glfw-3.3.6-natives-windows.jar;C:\Users\rando\.m2\repository\org\lwjgl\lwjgl-openal\3.3.6\lwjgl-openal-3.3.6-natives-windows.jar;C:\Users\rando\.m2\repository\org\lwjgl\lwjgl-opengl\3.3.6\lwjgl-opengl-3.3.6-natives-windows.jar;C:\Users\rando\.m2\repository\org\lwjgl\lwjgl-stb\3.3.6\lwjgl-stb-3.3.6-natives-windows.jar;C:\Users\rando\.m2\repository\org\joml\joml\1.10.8\joml-1.10.8.jar
Launcher Type: SUN_STANDARD

[Global flags]
     intx CICompilerCount                          = 12                                        {product} {ergonomic}
     uint ConcGCThreads                            = 3                                         {product} {ergonomic}
     uint G1ConcRefinementThreads                  = 13                                        {product} {ergonomic}
   size_t G1HeapRegionSize                         = 4194304                                   {product} {ergonomic}
    uintx GCDrainStackTargetSize                   = 64                                        {product} {ergonomic}
   size_t InitialHeapSize                          = 536870912                                 {product} {ergonomic}
   size_t MarkStackSize                            = 4194304                                   {product} {ergonomic}
   size_t MaxHeapSize                              = 8573157376                                {product} {ergonomic}
   size_t MaxNewSize                               = 5142216704                                {product} {ergonomic}
   size_t MinHeapDeltaBytes                        = 4194304                                   {product} {ergonomic}
   size_t MinHeapSize                              = 8388608                                   {product} {ergonomic}
    uintx NonNMethodCodeHeapSize                   = 7602480                                {pd product} {ergonomic}
    uintx NonProfiledCodeHeapSize                  = 122027880                              {pd product} {ergonomic}
    uintx ProfiledCodeHeapSize                     = 122027880                              {pd product} {ergonomic}
    uintx ReservedCodeCacheSize                    = 251658240                              {pd product} {ergonomic}
     bool SegmentedCodeCache                       = true                                      {product} {ergonomic}
   size_t SoftMaxHeapSize                          = 8573157376                             {manageable} {ergonomic}
     bool UseCompressedClassPointers               = true                           {product lp64_product} {ergonomic}
     bool UseCompressedOops                        = true                           {product lp64_product} {ergonomic}
     bool UseG1GC                                  = true                                      {product} {ergonomic}
     bool UseLargePagesIndividualAllocation        = false                                  {pd product} {ergonomic}

Logging:
Log output configuration:
 #0: stdout all=warning uptime,level,tags
 #1: stderr all=off uptime,level,tags

Environment Variables:
PATH=C:\Python313\Scripts\;C:\Python313\;C:\Program Files (x86)\NVIDIA Corporation\PhysX\Common;C:\Program Files\Common Files\Oracle\Java\javapath;C:\Program Files\Eclipse Adoptium\jre-8.0.422.5-hotspot\bin;C:\Windows\system32;C:\Windows;C:\Windows\System32\Wbem;C:\Windows\System32\WindowsPowerShell\v1.0\;C:\Windows\System32\OpenSSH\;C:\Program Files\Git\cmd;C:\Program Files (x86)\Windows Kits\8.1\Windows Performance Toolkit\;C:\Program Files\dotnet\;C:\Program Files (x86)\Windows Kits\10\Windows Performance Toolkit\;C:\Program Files\nodejs\;C:\ProgramData\chocolatey\bin;C:\Users\rando\AppData\Local\Microsoft\WindowsApps;C:\program files\ffmpeg\bin;;C:\Program Files\JetBrains\IntelliJ IDEA Community Edition 2024.2.3\bin;;C:\Users\rando\AppData\Local\Programs\Microsoft VS Code\bin;C:\Users\rando\AppData\Roaming\npm
USERNAME=rando
OS=Windows_NT
PROCESSOR_IDENTIFIER=AMD64 Family 25 Model 33 Stepping 2, AuthenticAMD



---------------  S Y S T E M  ---------------

OS:
 Windows 10 , 64 bit Build 19041 (10.0.19041.5794)
OS uptime: 0 days 19:23 hours

CPU: total 16 (initial active 16) (16 cores per cpu, 2 threads per core) family 25 model 33 stepping 2 microcode 0x0, cx8, cmov, fxsr, ht, mmx, 3dnowpref, sse, sse2, sse3, ssse3, sse4a, sse4.1, sse4.2, popcnt, lzcnt, tsc, tscinvbit, avx, avx2, aes, erms, clmul, bmi1, bmi2, adx, sha, fma, vzeroupper, clflush, clflushopt

Memory: 4k page, system-wide physical 32689M (16499M free)
TotalPageFile size 37553M (AvailPageFile size 15638M)
current process WorkingSet (physical memory assigned to process): 395M, peak: 425M
current process commit charge ("private bytes"): 974M, peak: 1005M

vm_info: Java HotSpot(TM) 64-Bit Server VM (17.0.12+8-LTS-286) for windows-amd64 JRE (17.0.12+8-LTS-286), built on Jun  5 2024 06:46:59 by "mach5one" with MS VC++ 17.6 (VS2022)

END.
