#
# A fatal error has been detected by the Java Runtime Environment:
#
#  EXCEPTION_ACCESS_VIOLATION (0xc0000005) at pc=0x00007ffb6dcd0b53, pid=14540, tid=5112
#
# JRE version: Java(TM) SE Runtime Environment (17.0.12+8) (build 17.0.12+8-LTS-286)
# Java VM: Java HotSpot(TM) 64-Bit Server VM (17.0.12+8-LTS-286, mixed mode, sharing, tiered, compressed oops, compressed class ptrs, g1 gc, windows-amd64)
# Problematic frame:
# C  [assimp.dll+0x60b53]
#
# No core dump will be written. Minidumps are not enabled by default on client versions of Windows
#
# If you would like to submit a bug report, please visit:
#   https://bugreport.java.com/bugreport/crash.jsp
# The crash happened outside the Java Virtual Machine in native code.
# See problematic frame for where to report the bug.
#

---------------  S U M M A R Y ------------

Command Line: -agentlib:jdwp=transport=dt_socket,address=127.0.0.1:50363,suspend=y,server=n -javaagent:C:\Users\rando\AppData\Local\JetBrains\IdeaIC2024.2\captureAgent\debugger-agent.jar -Dkotlinx.coroutines.debug.enable.creation.stack.trace=false -Ddebugger.agent.enable.coroutines=true -Dfile.encoding=UTF-8 net.absolutecinema.Main

Host: AMD Ryzen 7 5800X 8-Core Processor             , 16 cores, 31G,  Windows 10 , 64 bit Build 19041 (10.0.19041.5794)
Time: Fri Jun  6 02:58:21 2025 Mitteleuropäische Sommerzeit elapsed time: 2.146377 seconds (0d 0h 0m 2s)

---------------  T H R E A D  ---------------

Current thread (0x000001d82840ab00):  JavaThread "main" [_thread_in_native, id=5112, stack(0x0000007b67e00000,0x0000007b67f00000)]

Stack: [0x0000007b67e00000,0x0000007b67f00000],  sp=0x0000007b67efe140,  free space=1016k
Native frames: (J=compiled Java code, j=interpreted, Vv=VM code, C=native code)
C  [assimp.dll+0x60b53]

Java frames: (J=compiled Java code, j=interpreted, Vv=VM code)
j  org.lwjgl.system.JNI.invokePP(JIJ)J+0
j  org.lwjgl.assimp.Assimp.naiImportFile(JI)J+7
j  org.lwjgl.assimp.Assimp.aiImportFile(Ljava/lang/CharSequence;I)Lorg/lwjgl/assimp/AIScene;+25
j  net.absolutecinema.models.Model.fromFile(Ljava/nio/file/Path;Lnet/absolutecinema/rendering/shader/programs/ModelShader;)Lnet/absolutecinema/models/Model;+87
j  net.absolutecinema.models.Model.fromFile(Ljava/nio/file/Path;)Lnet/absolutecinema/models/Model;+2
j  net.absolutecinema.AbsoluteCinema.init()V+410
j  net.absolutecinema.AbsoluteCinema.run()V+6
j  net.absolutecinema.Main.main([Ljava/lang/String;)V+36
v  ~StubRoutines::call_stub

siginfo: EXCEPTION_ACCESS_VIOLATION (0xc0000005), reading address 0x000001d8b1489000


Registers:
RAX=0x000001d8b11f1040, RBX=0x000001d8a6088300, RCX=0x0000000000000000, RDX=0x0000000000000000
RSP=0x0000007b67efe140, RBP=0x0000007b67efe240, RSI=0x000001d8aa82b59c, RDI=0x000001d8ad225c00
R8 =0x00000000000a5ff0, R9 =0x0000000000052ec6, R10=0x0000000000037550, R11=0x000001d8a6088300
R12=0x000001d8aa5e7060, R13=0x0000000000037550, R14=0x000001d8abdd5020, R15=0x000001d8a6088300
RIP=0x00007ffb6dcd0b53, EFLAGS=0x0000000000010206


Register to memory mapping:

RIP=0x00007ffb6dcd0b53 assimp.dll
RAX=0x000001d8b11f1040 points into unknown readable memory: 0x3f8000003f800000 | 00 00 80 3f 00 00 80 3f
RBX=0x000001d8a6088300 points into unknown readable memory: 0x000001d8b9af26c0 | c0 26 af b9 d8 01 00 00
RCX=0x0 is NULL
RDX=0x0 is NULL
RSP=0x0000007b67efe140 is pointing into the stack for thread: 0x000001d82840ab00
RBP=0x0000007b67efe240 is pointing into the stack for thread: 0x000001d82840ab00
RSI=0x000001d8aa82b59c points into unknown readable memory: 00 00 00 00
RDI=0x000001d8ad225c00 points into unknown readable memory: 0x00052ec600000014 | 14 00 00 00 c6 2e 05 00
R8 =0x00000000000a5ff0 is an unknown value
R9 =0x0000000000052ec6 is an unknown value
R10=0x0000000000037550 is an unknown value
R11=0x000001d8a6088300 points into unknown readable memory: 0x000001d8b9af26c0 | c0 26 af b9 d8 01 00 00
R12=0x000001d8aa5e7060 points into unknown readable memory: 0x0000000100000000 | 00 00 00 00 01 00 00 00
R13=0x0000000000037550 is an unknown value
R14=0x000001d8abdd5020 points into unknown readable memory: 0xffffffffffffffff | ff ff ff ff ff ff ff ff
R15=0x000001d8a6088300 points into unknown readable memory: 0x000001d8b9af26c0 | c0 26 af b9 d8 01 00 00


Top of Stack: (sp=0x0000007b67efe140)
0x0000007b67efe140:   0000007b67efe200 000001d8aa74e060
0x0000007b67efe150:   000001d8a8651ff0 000000000004bf21
0x0000007b67efe160:   0000000000000000 0000000000000001
0x0000007b67efe170:   000001d8a61901d0 000001d8000002e1
0x0000007b67efe180:   000001d8a5f11080 000001d800000016
0x0000007b67efe190:   000001d826120150 00007ffb6dc999f2
0x0000007b67efe1a0:   0000000000000016 00000000000003ff
0x0000007b67efe1b0:   000001d8aa82b59c 000001d8aa5e7060
0x0000007b67efe1c0:   000001d8a6088300 000000000003754f
0x0000007b67efe1d0:   000001d800000000 000001d800037550
0x0000007b67efe1e0:   0000007b67efe1c0 0000000000000000
0x0000007b67efe1f0:   000001d8ad906020 0000000000000016
0x0000007b67efe200:   000001d8aa74e060 000001d8aa82b59c
0x0000007b67efe210:   000001d8aa87dce4 0000000000000361
0x0000007b67efe220:   000001d80003754f 000001d800000000
0x0000007b67efe230:   000001d826120320 0000000000000016 

Instructions: (pc=0x00007ffb6dcd0b53)
0x00007ffb6dcd0a53:   00 00 0f 29 85 a0 00 00 00 0f 29 8d b0 00 00 00
0x00007ffb6dcd0a63:   0f 29 85 c0 00 00 00 0f 29 8d d0 00 00 00 0f 29
0x00007ffb6dcd0a73:   85 e0 00 00 00 0f 29 8d f0 00 00 00 0f 29 85 00
0x00007ffb6dcd0a83:   01 00 00 0f 29 8d 10 01 00 00 0f 29 85 20 01 00
0x00007ffb6dcd0a93:   00 0f 29 8d 30 01 00 00 0f 29 85 40 01 00 00 0f
0x00007ffb6dcd0aa3:   29 8d 50 01 00 00 0f 29 85 60 01 00 00 45 8b d0
0x00007ffb6dcd0ab3:   4f 8d 04 52 48 8b 47 10 f2 42 0f 10 04 80 f2 0f
0x00007ffb6dcd0ac3:   11 45 60 42 8b 44 80 08 89 45 68 48 8b 47 18 48
0x00007ffb6dcd0ad3:   85 c0 74 18 45 85 c9 74 13 f2 42 0f 10 04 80 f2
0x00007ffb6dcd0ae3:   0f 11 45 6c 42 8b 44 80 08 89 45 74 48 8b 47 20
0x00007ffb6dcd0af3:   48 85 c0 74 3d 48 8b 4f 28 48 85 c9 74 34 45 85
0x00007ffb6dcd0b03:   c9 74 2f f2 42 0f 10 04 80 f2 0f 11 45 78 42 8b
0x00007ffb6dcd0b13:   44 80 08 89 85 80 00 00 00 f2 42 0f 10 04 81 f2
0x00007ffb6dcd0b23:   0f 11 85 84 00 00 00 42 8b 44 81 08 89 85 8c 00
0x00007ffb6dcd0b33:   00 00 33 d2 83 fa 08 73 36 48 83 7c d7 70 00 74
0x00007ffb6dcd0b43:   2e 83 7f 04 00 76 28 48 8b 44 d7 70 48 8d 0c 52
0x00007ffb6dcd0b53:   f2 42 0f 10 04 80 f2 0f 11 84 8d 90 00 00 00 42
0x00007ffb6dcd0b63:   8b 44 80 08 89 84 8d 98 00 00 00 ff c2 eb c5 45
0x00007ffb6dcd0b73:   33 c0 41 83 f8 08 73 30 41 8b d0 4a 83 7c c7 30
0x00007ffb6dcd0b83:   00 74 25 83 7f 04 00 76 1f 49 8b ca 48 03 c9 4a
0x00007ffb6dcd0b93:   8b 44 c7 30 48 03 d2 0f 10 04 c8 0f 11 84 d5 f0
0x00007ffb6dcd0ba3:   00 00 00 41 ff c0 eb ca 49 8b 5f 08 49 8b f7 80
0x00007ffb6dcd0bb3:   7b 19 00 75 2b 0f 1f 84 00 00 00 00 00 48 8d 4b
0x00007ffb6dcd0bc3:   1c 48 8d 55 60 e8 03 f7 ff ff 84 c0 74 06 48 8b
0x00007ffb6dcd0bd3:   5b 10 eb 06 48 8b f3 48 8b 1b 80 7b 19 00 74 dd
0x00007ffb6dcd0be3:   80 7e 19 00 75 11 48 8d 56 1c 48 8d 4d 60 e8 da
0x00007ffb6dcd0bf3:   f6 ff ff 84 c0 74 03 49 8b f7 49 3b f7 0f 85 e8
0x00007ffb6dcd0c03:   01 00 00 49 8b 77 08 33 c0 4d 8b f7 38 46 19 75
0x00007ffb6dcd0c13:   38 48 8b de 66 0f 1f 84 00 00 00 00 00 48 8b f3
0x00007ffb6dcd0c23:   48 8d 4b 1c 48 8d 55 60 e8 a0 f6 ff ff 84 c0 74
0x00007ffb6dcd0c33:   06 48 8b 5b 10 eb 06 4c 8b f3 48 8b 1b 0f b6 c0
0x00007ffb6dcd0c43:   83 f0 01 80 7b 19 00 74 d4 48 89 75 e0 89 45 e8 


Stack slot to memory mapping:
stack at sp + 0 slots: 0x0000007b67efe200 is pointing into the stack for thread: 0x000001d82840ab00
stack at sp + 1 slots: 0x000001d8aa74e060 points into unknown readable memory: 0x0000000100000000 | 00 00 00 00 01 00 00 00
stack at sp + 2 slots: 0x000001d8a8651ff0 points into unknown readable memory: 0x000001d800000000 | 00 00 00 00 d8 01 00 00
stack at sp + 3 slots: 0x000000000004bf21 is an unknown value
stack at sp + 4 slots: 0x0 is NULL
stack at sp + 5 slots: 0x0000000000000001 is an unknown value
stack at sp + 6 slots: 0x000001d8a61901d0 points into unknown readable memory: 0x0000000000000000 | 00 00 00 00 00 00 00 00
stack at sp + 7 slots: 0x000001d8000002e1 is an unknown value


---------------  P R O C E S S  ---------------

Threads class SMR info:
_java_thread_list=0x000001d8a81f8d50, length=17, elements={
0x000001d82840ab00, 0x000001d854b883f0, 0x000001d854b8af90, 0x000001d854b9e2b0,
0x000001d854b9fb90, 0x000001d854ba0460, 0x000001d854ba0d30, 0x000001d854ba4ee0,
0x000001d854ba58a0, 0x000001d854bb0990, 0x000001d8556a64e0, 0x000001d8556dee20,
0x000001d8556e3400, 0x000001d8557a5f70, 0x000001d8557c1350, 0x000001d855829d80,
0x000001d8556a6f00
}

Java Threads: ( => current thread )
=>0x000001d82840ab00 JavaThread "main" [_thread_in_native, id=5112, stack(0x0000007b67e00000,0x0000007b67f00000)]
  0x000001d854b883f0 JavaThread "Reference Handler" daemon [_thread_blocked, id=17068, stack(0x0000007b68500000,0x0000007b68600000)]
  0x000001d854b8af90 JavaThread "Finalizer" daemon [_thread_blocked, id=12556, stack(0x0000007b68600000,0x0000007b68700000)]
  0x000001d854b9e2b0 JavaThread "Signal Dispatcher" daemon [_thread_blocked, id=15448, stack(0x0000007b68700000,0x0000007b68800000)]
  0x000001d854b9fb90 JavaThread "Attach Listener" daemon [_thread_blocked, id=6800, stack(0x0000007b68800000,0x0000007b68900000)]
  0x000001d854ba0460 JavaThread "Service Thread" daemon [_thread_blocked, id=17036, stack(0x0000007b68900000,0x0000007b68a00000)]
  0x000001d854ba0d30 JavaThread "Monitor Deflation Thread" daemon [_thread_blocked, id=14832, stack(0x0000007b68a00000,0x0000007b68b00000)]
  0x000001d854ba4ee0 JavaThread "C2 CompilerThread0" daemon [_thread_blocked, id=10144, stack(0x0000007b68b00000,0x0000007b68c00000)]
  0x000001d854ba58a0 JavaThread "C1 CompilerThread0" daemon [_thread_blocked, id=3560, stack(0x0000007b68c00000,0x0000007b68d00000)]
  0x000001d854bb0990 JavaThread "Sweeper thread" daemon [_thread_blocked, id=11016, stack(0x0000007b68d00000,0x0000007b68e00000)]
  0x000001d8556a64e0 JavaThread "Common-Cleaner" daemon [_thread_blocked, id=15384, stack(0x0000007b68e00000,0x0000007b68f00000)]
  0x000001d8556dee20 JavaThread "C1 CompilerThread1" daemon [_thread_blocked, id=2800, stack(0x0000007b68f00000,0x0000007b69000000)]
  0x000001d8556e3400 JavaThread "C1 CompilerThread2" daemon [_thread_blocked, id=9828, stack(0x0000007b69000000,0x0000007b69100000)]
  0x000001d8557a5f70 JavaThread "JDWP Transport Listener: dt_socket" daemon [_thread_blocked, id=10272, stack(0x0000007b69200000,0x0000007b69300000)]
  0x000001d8557c1350 JavaThread "JDWP Event Helper Thread" daemon [_thread_blocked, id=15000, stack(0x0000007b69300000,0x0000007b69400000)]
  0x000001d855829d80 JavaThread "JDWP Command Reader" daemon [_thread_in_native, id=17140, stack(0x0000007b69400000,0x0000007b69500000)]
  0x000001d8556a6f00 JavaThread "Notification Thread" daemon [_thread_blocked, id=11064, stack(0x0000007b69500000,0x0000007b69600000)]

Other Threads:
  0x000001d854b839d0 VMThread "VM Thread" [stack: 0x0000007b68400000,0x0000007b68500000] [id=15520]
  0x000001d8556dd780 WatcherThread [stack: 0x0000007b69600000,0x0000007b69700000] [id=16500]
  0x000001d8284ba3a0 GCTaskThread "GC Thread#0" [stack: 0x0000007b67f00000,0x0000007b68000000] [id=13488]
  0x000001d8a626d380 GCTaskThread "GC Thread#1" [stack: 0x0000007b6a600000,0x0000007b6a700000] [id=15472]
  0x000001d8a62e68c0 GCTaskThread "GC Thread#2" [stack: 0x0000007b6a700000,0x0000007b6a800000] [id=12944]
  0x000001d8a6038b40 GCTaskThread "GC Thread#3" [stack: 0x0000007b6a800000,0x0000007b6a900000] [id=32]
  0x000001d8a8653d60 GCTaskThread "GC Thread#4" [stack: 0x0000007b6a900000,0x0000007b6aa00000] [id=1056]
  0x000001d8a8654020 GCTaskThread "GC Thread#5" [stack: 0x0000007b6aa00000,0x0000007b6ab00000] [id=3080]
  0x000001d8a8684370 GCTaskThread "GC Thread#6" [stack: 0x0000007b6ab00000,0x0000007b6ac00000] [id=15280]
  0x000001d8a8684630 GCTaskThread "GC Thread#7" [stack: 0x0000007b6ac00000,0x0000007b6ad00000] [id=11624]
  0x000001d8a86509b0 GCTaskThread "GC Thread#8" [stack: 0x0000007b6ad00000,0x0000007b6ae00000] [id=17284]
  0x000001d8a8685100 GCTaskThread "GC Thread#9" [stack: 0x0000007b6ae00000,0x0000007b6af00000] [id=4520]
  0x000001d8a86853c0 GCTaskThread "GC Thread#10" [stack: 0x0000007b6af00000,0x0000007b6b000000] [id=8512]
  0x000001d8a8685680 GCTaskThread "GC Thread#11" [stack: 0x0000007b6b000000,0x0000007b6b100000] [id=3508]
  0x000001d8a6081260 GCTaskThread "GC Thread#12" [stack: 0x0000007b6b100000,0x0000007b6b200000] [id=16548]
  0x000001d8284cd0a0 ConcurrentGCThread "G1 Main Marker" [stack: 0x0000007b68000000,0x0000007b68100000] [id=10324]
  0x000001d8284ce060 ConcurrentGCThread "G1 Conc#0" [stack: 0x0000007b68100000,0x0000007b68200000] [id=10916]
  0x000001d854abced0 ConcurrentGCThread "G1 Refine#0" [stack: 0x0000007b68200000,0x0000007b68300000] [id=11520]
  0x000001d8a8f26c70 ConcurrentGCThread "G1 Refine#1" [stack: 0x0000007b6b200000,0x0000007b6b300000] [id=12376]
  0x000001d8a81fab30 ConcurrentGCThread "G1 Refine#2" [stack: 0x0000007b6b300000,0x0000007b6b400000] [id=2492]
  0x000001d8a603fc20 ConcurrentGCThread "G1 Refine#3" [stack: 0x0000007b6b400000,0x0000007b6b500000] [id=11000]
  0x000001d8a8646c40 ConcurrentGCThread "G1 Refine#4" [stack: 0x0000007b6b500000,0x0000007b6b600000] [id=3364]
  0x000001d8aacd1c30 ConcurrentGCThread "G1 Refine#5" [stack: 0x0000007b6b600000,0x0000007b6b700000] [id=15852]
  0x000001d854abd710 ConcurrentGCThread "G1 Service" [stack: 0x0000007b68300000,0x0000007b68400000] [id=10536]

Threads with active compile tasks:

VM state: not at safepoint (normal execution)

VM Mutex/Monitor currently owned by a thread: None

Heap address: 0x0000000601000000, size: 8176 MB, Compressed Oops mode: Zero based, Oop shift amount: 3

CDS archive(s) mapped at: [0x000001d856000000-0x000001d856bd0000-0x000001d856bd0000), size 12386304, SharedBaseAddress: 0x000001d856000000, ArchiveRelocationMode: 1.
Compressed class space mapped at: 0x000001d857000000-0x000001d897000000, reserved size: 1073741824
Narrow klass base: 0x000001d856000000, Narrow klass shift: 0, Narrow klass range: 0x100000000

GC Precious Log:
 CPUs: 16 total, 16 available
 Memory: 32689M
 Large Page Support: Disabled
 NUMA Support: Disabled
 Compressed Oops: Enabled (Zero based)
 Heap Region Size: 4M
 Heap Min Capacity: 8M
 Heap Initial Capacity: 512M
 Heap Max Capacity: 8176M
 Pre-touch: Disabled
 Parallel Workers: 13
 Concurrent Workers: 3
 Concurrent Refinement Workers: 13
 Periodic GC: Disabled

Heap:
 garbage-first heap   total 524288K, used 52759K [0x0000000601000000, 0x0000000800000000)
  region size 4096K, 10 young (40960K), 1 survivors (4096K)
 Metaspace       used 7371K, committed 7616K, reserved 1114112K
  class space    used 412K, committed 512K, reserved 1048576K

Heap Regions: E=young(eden), S=young(survivor), O=old, HS=humongous(starts), HC=humongous(continues), CS=collection set, F=free, OA=open archive, CA=closed archive, TAMS=top-at-mark-start (previous, next)
|   0|0x0000000601000000, 0x0000000601400000, 0x0000000601400000|100%|HS|  |TAMS 0x0000000601000000, 0x0000000601000000| Complete 
|   1|0x0000000601400000, 0x0000000601800000, 0x0000000601800000|100%|HS|  |TAMS 0x0000000601400000, 0x0000000601400000| Complete 
|   2|0x0000000601800000, 0x0000000601c00000, 0x0000000601c00000|100%|HS|  |TAMS 0x0000000601800000, 0x0000000601800000| Complete 
|   3|0x0000000601c00000, 0x0000000602000000, 0x0000000602000000|100%|HC|  |TAMS 0x0000000601c00000, 0x0000000601c00000| Complete 
|   4|0x0000000602000000, 0x0000000602400000, 0x0000000602400000|100%|HS|  |TAMS 0x0000000602000000, 0x0000000602000000| Complete 
|   5|0x0000000602400000, 0x0000000602400000, 0x0000000602800000|  0%| F|  |TAMS 0x0000000602400000, 0x0000000602400000| Untracked 
|   6|0x0000000602800000, 0x0000000602800000, 0x0000000602c00000|  0%| F|  |TAMS 0x0000000602800000, 0x0000000602800000| Untracked 
|   7|0x0000000602c00000, 0x0000000602c00000, 0x0000000603000000|  0%| F|  |TAMS 0x0000000602c00000, 0x0000000602c00000| Untracked 
|   8|0x0000000603000000, 0x0000000603000000, 0x0000000603400000|  0%| F|  |TAMS 0x0000000603000000, 0x0000000603000000| Untracked 
|   9|0x0000000603400000, 0x0000000603400000, 0x0000000603800000|  0%| F|  |TAMS 0x0000000603400000, 0x0000000603400000| Untracked 
|  10|0x0000000603800000, 0x0000000603800000, 0x0000000603c00000|  0%| F|  |TAMS 0x0000000603800000, 0x0000000603800000| Untracked 
|  11|0x0000000603c00000, 0x0000000603c00000, 0x0000000604000000|  0%| F|  |TAMS 0x0000000603c00000, 0x0000000603c00000| Untracked 
|  12|0x0000000604000000, 0x0000000604000000, 0x0000000604400000|  0%| F|  |TAMS 0x0000000604000000, 0x0000000604000000| Untracked 
|  13|0x0000000604400000, 0x0000000604400000, 0x0000000604800000|  0%| F|  |TAMS 0x0000000604400000, 0x0000000604400000| Untracked 
|  14|0x0000000604800000, 0x0000000604800000, 0x0000000604c00000|  0%| F|  |TAMS 0x0000000604800000, 0x0000000604800000| Untracked 
|  15|0x0000000604c00000, 0x0000000604c00000, 0x0000000605000000|  0%| F|  |TAMS 0x0000000604c00000, 0x0000000604c00000| Untracked 
|  16|0x0000000605000000, 0x0000000605000000, 0x0000000605400000|  0%| F|  |TAMS 0x0000000605000000, 0x0000000605000000| Untracked 
|  17|0x0000000605400000, 0x0000000605400000, 0x0000000605800000|  0%| F|  |TAMS 0x0000000605400000, 0x0000000605400000| Untracked 
|  18|0x0000000605800000, 0x0000000605800000, 0x0000000605c00000|  0%| F|  |TAMS 0x0000000605800000, 0x0000000605800000| Untracked 
|  19|0x0000000605c00000, 0x0000000605c00000, 0x0000000606000000|  0%| F|  |TAMS 0x0000000605c00000, 0x0000000605c00000| Untracked 
|  20|0x0000000606000000, 0x0000000606000000, 0x0000000606400000|  0%| F|  |TAMS 0x0000000606000000, 0x0000000606000000| Untracked 
|  21|0x0000000606400000, 0x0000000606400000, 0x0000000606800000|  0%| F|  |TAMS 0x0000000606400000, 0x0000000606400000| Untracked 
|  22|0x0000000606800000, 0x0000000606800000, 0x0000000606c00000|  0%| F|  |TAMS 0x0000000606800000, 0x0000000606800000| Untracked 
|  23|0x0000000606c00000, 0x0000000606c00000, 0x0000000607000000|  0%| F|  |TAMS 0x0000000606c00000, 0x0000000606c00000| Untracked 
|  24|0x0000000607000000, 0x0000000607000000, 0x0000000607400000|  0%| F|  |TAMS 0x0000000607000000, 0x0000000607000000| Untracked 
|  25|0x0000000607400000, 0x0000000607400000, 0x0000000607800000|  0%| F|  |TAMS 0x0000000607400000, 0x0000000607400000| Untracked 
|  26|0x0000000607800000, 0x0000000607800000, 0x0000000607c00000|  0%| F|  |TAMS 0x0000000607800000, 0x0000000607800000| Untracked 
|  27|0x0000000607c00000, 0x0000000607c00000, 0x0000000608000000|  0%| F|  |TAMS 0x0000000607c00000, 0x0000000607c00000| Untracked 
|  28|0x0000000608000000, 0x0000000608000000, 0x0000000608400000|  0%| F|  |TAMS 0x0000000608000000, 0x0000000608000000| Untracked 
|  29|0x0000000608400000, 0x0000000608400000, 0x0000000608800000|  0%| F|  |TAMS 0x0000000608400000, 0x0000000608400000| Untracked 
|  30|0x0000000608800000, 0x0000000608800000, 0x0000000608c00000|  0%| F|  |TAMS 0x0000000608800000, 0x0000000608800000| Untracked 
|  31|0x0000000608c00000, 0x0000000608c00000, 0x0000000609000000|  0%| F|  |TAMS 0x0000000608c00000, 0x0000000608c00000| Untracked 
|  32|0x0000000609000000, 0x0000000609000000, 0x0000000609400000|  0%| F|  |TAMS 0x0000000609000000, 0x0000000609000000| Untracked 
|  33|0x0000000609400000, 0x0000000609400000, 0x0000000609800000|  0%| F|  |TAMS 0x0000000609400000, 0x0000000609400000| Untracked 
|  34|0x0000000609800000, 0x0000000609800000, 0x0000000609c00000|  0%| F|  |TAMS 0x0000000609800000, 0x0000000609800000| Untracked 
|  35|0x0000000609c00000, 0x0000000609c00000, 0x000000060a000000|  0%| F|  |TAMS 0x0000000609c00000, 0x0000000609c00000| Untracked 
|  36|0x000000060a000000, 0x000000060a000000, 0x000000060a400000|  0%| F|  |TAMS 0x000000060a000000, 0x000000060a000000| Untracked 
|  37|0x000000060a400000, 0x000000060a400000, 0x000000060a800000|  0%| F|  |TAMS 0x000000060a400000, 0x000000060a400000| Untracked 
|  38|0x000000060a800000, 0x000000060a800000, 0x000000060ac00000|  0%| F|  |TAMS 0x000000060a800000, 0x000000060a800000| Untracked 
|  39|0x000000060ac00000, 0x000000060ac00000, 0x000000060b000000|  0%| F|  |TAMS 0x000000060ac00000, 0x000000060ac00000| Untracked 
|  40|0x000000060b000000, 0x000000060b000000, 0x000000060b400000|  0%| F|  |TAMS 0x000000060b000000, 0x000000060b000000| Untracked 
|  41|0x000000060b400000, 0x000000060b400000, 0x000000060b800000|  0%| F|  |TAMS 0x000000060b400000, 0x000000060b400000| Untracked 
|  42|0x000000060b800000, 0x000000060b800000, 0x000000060bc00000|  0%| F|  |TAMS 0x000000060b800000, 0x000000060b800000| Untracked 
|  43|0x000000060bc00000, 0x000000060bc00000, 0x000000060c000000|  0%| F|  |TAMS 0x000000060bc00000, 0x000000060bc00000| Untracked 
|  44|0x000000060c000000, 0x000000060c000000, 0x000000060c400000|  0%| F|  |TAMS 0x000000060c000000, 0x000000060c000000| Untracked 
|  45|0x000000060c400000, 0x000000060c400000, 0x000000060c800000|  0%| F|  |TAMS 0x000000060c400000, 0x000000060c400000| Untracked 
|  46|0x000000060c800000, 0x000000060c800000, 0x000000060cc00000|  0%| F|  |TAMS 0x000000060c800000, 0x000000060c800000| Untracked 
|  47|0x000000060cc00000, 0x000000060cc00000, 0x000000060d000000|  0%| F|  |TAMS 0x000000060cc00000, 0x000000060cc00000| Untracked 
|  48|0x000000060d000000, 0x000000060d000000, 0x000000060d400000|  0%| F|  |TAMS 0x000000060d000000, 0x000000060d000000| Untracked 
|  49|0x000000060d400000, 0x000000060d400000, 0x000000060d800000|  0%| F|  |TAMS 0x000000060d400000, 0x000000060d400000| Untracked 
|  50|0x000000060d800000, 0x000000060d800000, 0x000000060dc00000|  0%| F|  |TAMS 0x000000060d800000, 0x000000060d800000| Untracked 
|  51|0x000000060dc00000, 0x000000060dc00000, 0x000000060e000000|  0%| F|  |TAMS 0x000000060dc00000, 0x000000060dc00000| Untracked 
|  52|0x000000060e000000, 0x000000060e000000, 0x000000060e400000|  0%| F|  |TAMS 0x000000060e000000, 0x000000060e000000| Untracked 
|  53|0x000000060e400000, 0x000000060e400000, 0x000000060e800000|  0%| F|  |TAMS 0x000000060e400000, 0x000000060e400000| Untracked 
|  54|0x000000060e800000, 0x000000060e800000, 0x000000060ec00000|  0%| F|  |TAMS 0x000000060e800000, 0x000000060e800000| Untracked 
|  55|0x000000060ec00000, 0x000000060ec00000, 0x000000060f000000|  0%| F|  |TAMS 0x000000060ec00000, 0x000000060ec00000| Untracked 
|  56|0x000000060f000000, 0x000000060f000000, 0x000000060f400000|  0%| F|  |TAMS 0x000000060f000000, 0x000000060f000000| Untracked 
|  57|0x000000060f400000, 0x000000060f400000, 0x000000060f800000|  0%| F|  |TAMS 0x000000060f400000, 0x000000060f400000| Untracked 
|  58|0x000000060f800000, 0x000000060f800000, 0x000000060fc00000|  0%| F|  |TAMS 0x000000060f800000, 0x000000060f800000| Untracked 
|  59|0x000000060fc00000, 0x000000060fc00000, 0x0000000610000000|  0%| F|  |TAMS 0x000000060fc00000, 0x000000060fc00000| Untracked 
|  60|0x0000000610000000, 0x0000000610000000, 0x0000000610400000|  0%| F|  |TAMS 0x0000000610000000, 0x0000000610000000| Untracked 
|  61|0x0000000610400000, 0x0000000610400000, 0x0000000610800000|  0%| F|  |TAMS 0x0000000610400000, 0x0000000610400000| Untracked 
|  62|0x0000000610800000, 0x0000000610800000, 0x0000000610c00000|  0%| F|  |TAMS 0x0000000610800000, 0x0000000610800000| Untracked 
|  63|0x0000000610c00000, 0x0000000610c00000, 0x0000000611000000|  0%| F|  |TAMS 0x0000000610c00000, 0x0000000610c00000| Untracked 
|  64|0x0000000611000000, 0x0000000611000000, 0x0000000611400000|  0%| F|  |TAMS 0x0000000611000000, 0x0000000611000000| Untracked 
|  65|0x0000000611400000, 0x0000000611400000, 0x0000000611800000|  0%| F|  |TAMS 0x0000000611400000, 0x0000000611400000| Untracked 
|  66|0x0000000611800000, 0x0000000611800000, 0x0000000611c00000|  0%| F|  |TAMS 0x0000000611800000, 0x0000000611800000| Untracked 
|  67|0x0000000611c00000, 0x0000000611c00000, 0x0000000612000000|  0%| F|  |TAMS 0x0000000611c00000, 0x0000000611c00000| Untracked 
|  68|0x0000000612000000, 0x0000000612000000, 0x0000000612400000|  0%| F|  |TAMS 0x0000000612000000, 0x0000000612000000| Untracked 
|  69|0x0000000612400000, 0x0000000612400000, 0x0000000612800000|  0%| F|  |TAMS 0x0000000612400000, 0x0000000612400000| Untracked 
|  70|0x0000000612800000, 0x0000000612800000, 0x0000000612c00000|  0%| F|  |TAMS 0x0000000612800000, 0x0000000612800000| Untracked 
|  71|0x0000000612c00000, 0x0000000612c00000, 0x0000000613000000|  0%| F|  |TAMS 0x0000000612c00000, 0x0000000612c00000| Untracked 
|  72|0x0000000613000000, 0x0000000613000000, 0x0000000613400000|  0%| F|  |TAMS 0x0000000613000000, 0x0000000613000000| Untracked 
|  73|0x0000000613400000, 0x0000000613400000, 0x0000000613800000|  0%| F|  |TAMS 0x0000000613400000, 0x0000000613400000| Untracked 
|  74|0x0000000613800000, 0x0000000613800000, 0x0000000613c00000|  0%| F|  |TAMS 0x0000000613800000, 0x0000000613800000| Untracked 
|  75|0x0000000613c00000, 0x0000000613c00000, 0x0000000614000000|  0%| F|  |TAMS 0x0000000613c00000, 0x0000000613c00000| Untracked 
|  76|0x0000000614000000, 0x0000000614000000, 0x0000000614400000|  0%| F|  |TAMS 0x0000000614000000, 0x0000000614000000| Untracked 
|  77|0x0000000614400000, 0x0000000614400000, 0x0000000614800000|  0%| F|  |TAMS 0x0000000614400000, 0x0000000614400000| Untracked 
|  78|0x0000000614800000, 0x0000000614800000, 0x0000000614c00000|  0%| F|  |TAMS 0x0000000614800000, 0x0000000614800000| Untracked 
|  79|0x0000000614c00000, 0x0000000614c00000, 0x0000000615000000|  0%| F|  |TAMS 0x0000000614c00000, 0x0000000614c00000| Untracked 
|  80|0x0000000615000000, 0x0000000615000000, 0x0000000615400000|  0%| F|  |TAMS 0x0000000615000000, 0x0000000615000000| Untracked 
|  81|0x0000000615400000, 0x0000000615400000, 0x0000000615800000|  0%| F|  |TAMS 0x0000000615400000, 0x0000000615400000| Untracked 
|  82|0x0000000615800000, 0x0000000615800000, 0x0000000615c00000|  0%| F|  |TAMS 0x0000000615800000, 0x0000000615800000| Untracked 
|  83|0x0000000615c00000, 0x0000000615c00000, 0x0000000616000000|  0%| F|  |TAMS 0x0000000615c00000, 0x0000000615c00000| Untracked 
|  84|0x0000000616000000, 0x0000000616000000, 0x0000000616400000|  0%| F|  |TAMS 0x0000000616000000, 0x0000000616000000| Untracked 
|  85|0x0000000616400000, 0x0000000616400000, 0x0000000616800000|  0%| F|  |TAMS 0x0000000616400000, 0x0000000616400000| Untracked 
|  86|0x0000000616800000, 0x0000000616800000, 0x0000000616c00000|  0%| F|  |TAMS 0x0000000616800000, 0x0000000616800000| Untracked 
|  87|0x0000000616c00000, 0x0000000616c00000, 0x0000000617000000|  0%| F|  |TAMS 0x0000000616c00000, 0x0000000616c00000| Untracked 
|  88|0x0000000617000000, 0x0000000617000000, 0x0000000617400000|  0%| F|  |TAMS 0x0000000617000000, 0x0000000617000000| Untracked 
|  89|0x0000000617400000, 0x0000000617400000, 0x0000000617800000|  0%| F|  |TAMS 0x0000000617400000, 0x0000000617400000| Untracked 
|  90|0x0000000617800000, 0x0000000617800000, 0x0000000617c00000|  0%| F|  |TAMS 0x0000000617800000, 0x0000000617800000| Untracked 
|  91|0x0000000617c00000, 0x0000000617c00000, 0x0000000618000000|  0%| F|  |TAMS 0x0000000617c00000, 0x0000000617c00000| Untracked 
|  92|0x0000000618000000, 0x0000000618000000, 0x0000000618400000|  0%| F|  |TAMS 0x0000000618000000, 0x0000000618000000| Untracked 
|  93|0x0000000618400000, 0x0000000618400000, 0x0000000618800000|  0%| F|  |TAMS 0x0000000618400000, 0x0000000618400000| Untracked 
|  94|0x0000000618800000, 0x0000000618800000, 0x0000000618c00000|  0%| F|  |TAMS 0x0000000618800000, 0x0000000618800000| Untracked 
|  95|0x0000000618c00000, 0x0000000618c00000, 0x0000000619000000|  0%| F|  |TAMS 0x0000000618c00000, 0x0000000618c00000| Untracked 
|  96|0x0000000619000000, 0x0000000619000000, 0x0000000619400000|  0%| F|  |TAMS 0x0000000619000000, 0x0000000619000000| Untracked 
|  97|0x0000000619400000, 0x0000000619400000, 0x0000000619800000|  0%| F|  |TAMS 0x0000000619400000, 0x0000000619400000| Untracked 
|  98|0x0000000619800000, 0x0000000619800000, 0x0000000619c00000|  0%| F|  |TAMS 0x0000000619800000, 0x0000000619800000| Untracked 
|  99|0x0000000619c00000, 0x0000000619c00000, 0x000000061a000000|  0%| F|  |TAMS 0x0000000619c00000, 0x0000000619c00000| Untracked 
| 100|0x000000061a000000, 0x000000061a000000, 0x000000061a400000|  0%| F|  |TAMS 0x000000061a000000, 0x000000061a000000| Untracked 
| 101|0x000000061a400000, 0x000000061a400000, 0x000000061a800000|  0%| F|  |TAMS 0x000000061a400000, 0x000000061a400000| Untracked 
| 102|0x000000061a800000, 0x000000061a800000, 0x000000061ac00000|  0%| F|  |TAMS 0x000000061a800000, 0x000000061a800000| Untracked 
| 103|0x000000061ac00000, 0x000000061ac00000, 0x000000061b000000|  0%| F|  |TAMS 0x000000061ac00000, 0x000000061ac00000| Untracked 
| 104|0x000000061b000000, 0x000000061b000000, 0x000000061b400000|  0%| F|  |TAMS 0x000000061b000000, 0x000000061b000000| Untracked 
| 105|0x000000061b400000, 0x000000061b400000, 0x000000061b800000|  0%| F|  |TAMS 0x000000061b400000, 0x000000061b400000| Untracked 
| 106|0x000000061b800000, 0x000000061b800000, 0x000000061bc00000|  0%| F|  |TAMS 0x000000061b800000, 0x000000061b800000| Untracked 
| 107|0x000000061bc00000, 0x000000061bc00000, 0x000000061c000000|  0%| F|  |TAMS 0x000000061bc00000, 0x000000061bc00000| Untracked 
| 108|0x000000061c000000, 0x000000061c000000, 0x000000061c400000|  0%| F|  |TAMS 0x000000061c000000, 0x000000061c000000| Untracked 
| 109|0x000000061c400000, 0x000000061c400000, 0x000000061c800000|  0%| F|  |TAMS 0x000000061c400000, 0x000000061c400000| Untracked 
| 110|0x000000061c800000, 0x000000061c800000, 0x000000061cc00000|  0%| F|  |TAMS 0x000000061c800000, 0x000000061c800000| Untracked 
| 111|0x000000061cc00000, 0x000000061cc00000, 0x000000061d000000|  0%| F|  |TAMS 0x000000061cc00000, 0x000000061cc00000| Untracked 
| 112|0x000000061d000000, 0x000000061d000000, 0x000000061d400000|  0%| F|  |TAMS 0x000000061d000000, 0x000000061d000000| Untracked 
| 113|0x000000061d400000, 0x000000061d400000, 0x000000061d800000|  0%| F|  |TAMS 0x000000061d400000, 0x000000061d400000| Untracked 
| 114|0x000000061d800000, 0x000000061d800000, 0x000000061dc00000|  0%| F|  |TAMS 0x000000061d800000, 0x000000061d800000| Untracked 
| 115|0x000000061dc00000, 0x000000061dc00000, 0x000000061e000000|  0%| F|  |TAMS 0x000000061dc00000, 0x000000061dc00000| Untracked 
| 116|0x000000061e000000, 0x000000061e000000, 0x000000061e400000|  0%| F|  |TAMS 0x000000061e000000, 0x000000061e000000| Untracked 
| 117|0x000000061e400000, 0x000000061e400000, 0x000000061e800000|  0%| F|  |TAMS 0x000000061e400000, 0x000000061e400000| Untracked 
| 118|0x000000061e800000, 0x000000061ebc7218, 0x000000061ec00000| 94%| E|  |TAMS 0x000000061e800000, 0x000000061e800000| Complete 
| 119|0x000000061ec00000, 0x000000061f000000, 0x000000061f000000|100%| E|CS|TAMS 0x000000061ec00000, 0x000000061ec00000| Complete 
| 120|0x000000061f000000, 0x000000061f400000, 0x000000061f400000|100%| E|CS|TAMS 0x000000061f000000, 0x000000061f000000| Complete 
| 121|0x000000061f400000, 0x000000061f785ee0, 0x000000061f800000| 88%| S|CS|TAMS 0x000000061f400000, 0x000000061f400000| Complete 
| 122|0x000000061f800000, 0x000000061fc00000, 0x000000061fc00000|100%| E|CS|TAMS 0x000000061f800000, 0x000000061f800000| Complete 
| 123|0x000000061fc00000, 0x0000000620000000, 0x0000000620000000|100%| E|CS|TAMS 0x000000061fc00000, 0x000000061fc00000| Complete 
| 124|0x0000000620000000, 0x0000000620400000, 0x0000000620400000|100%| E|  |TAMS 0x0000000620000000, 0x0000000620000000| Complete 
| 125|0x0000000620400000, 0x0000000620800000, 0x0000000620800000|100%| E|CS|TAMS 0x0000000620400000, 0x0000000620400000| Complete 
| 126|0x0000000620800000, 0x0000000620c00000, 0x0000000620c00000|100%| E|CS|TAMS 0x0000000620800000, 0x0000000620800000| Complete 
| 127|0x0000000620c00000, 0x0000000621000000, 0x0000000621000000|100%| E|CS|TAMS 0x0000000620c00000, 0x0000000620c00000| Complete 

Card table byte_map: [0x000001d840550000,0x000001d841550000] _byte_map_base: 0x000001d83d548000

Marking Bits (Prev, Next): (CMBitMap*) 0x000001d8284bc7f0, (CMBitMap*) 0x000001d8284bc830
 Prev Bits: [0x000001d842550000, 0x000001d84a510000)
 Next Bits: [0x000001d84a510000, 0x000001d8524d0000)

Polling page: 0x000001d826420000

Metaspace:

Usage:
  Non-class:      6.80 MB used.
      Class:    412.92 KB used.
       Both:      7.20 MB used.

Virtual space:
  Non-class space:       64.00 MB reserved,       6.94 MB ( 11%) committed,  1 nodes.
      Class space:        1.00 GB reserved,     512.00 KB ( <1%) committed,  1 nodes.
             Both:        1.06 GB reserved,       7.44 MB ( <1%) committed. 

Chunk freelists:
   Non-Class:  7.30 MB
       Class:  15.49 MB
        Both:  22.78 MB

MaxMetaspaceSize: unlimited
CompressedClassSpaceSize: 1.00 GB
Initial GC threshold: 21.00 MB
Current GC threshold: 21.00 MB
CDS: on
MetaspaceReclaimPolicy: balanced
 - commit_granule_bytes: 65536.
 - commit_granule_words: 8192.
 - virtual_space_node_default_size: 8388608.
 - enlarge_chunks_in_place: 1.
 - new_chunks_are_fully_committed: 0.
 - uncommit_free_chunks: 1.
 - use_allocation_guard: 0.
 - handle_deallocations: 1.


Internal statistics:

num_allocs_failed_limit: 0.
num_arena_births: 152.
num_arena_deaths: 0.
num_vsnodes_births: 2.
num_vsnodes_deaths: 0.
num_space_committed: 117.
num_space_uncommitted: 0.
num_chunks_returned_to_freelist: 0.
num_chunks_taken_from_freelist: 353.
num_chunk_merges: 0.
num_chunk_splits: 255.
num_chunks_enlarged: 190.
num_inconsistent_stats: 0.

CodeHeap 'non-profiled nmethods': size=119168Kb used=422Kb max_used=422Kb free=118746Kb
 bounds [0x000001d837870000, 0x000001d837ae0000, 0x000001d83ecd0000]
CodeHeap 'profiled nmethods': size=119104Kb used=1983Kb max_used=1983Kb free=117120Kb
 bounds [0x000001d82fcd0000, 0x000001d82ff40000, 0x000001d837120000]
CodeHeap 'non-nmethods': size=7488Kb used=2893Kb max_used=2923Kb free=4594Kb
 bounds [0x000001d837120000, 0x000001d837400000, 0x000001d837870000]
 total_blobs=2329 nmethods=1164 adapters=1076
 compilation: enabled
              stopped_count=0, restarted_count=0
 full_count=0

Compilation events (20 events):
Event: 1.043 Thread 0x000001d8556dee20 1151       3       java.util.ArrayList$Itr::<init> (26 bytes)
Event: 1.043 Thread 0x000001d8556e3400 nmethod 1152 0x000001d82feba310 code [0x000001d82feba4c0, 0x000001d82feba738]
Event: 1.043 Thread 0x000001d8556dee20 nmethod 1151 0x000001d82feba890 code [0x000001d82febaa20, 0x000001d82febabf8]
Event: 1.043 Thread 0x000001d8556dee20 1154       3       jdk.internal.org.objectweb.asm.Type::getReturnTypeOffset (64 bytes)
Event: 1.043 Thread 0x000001d8556e3400 1155       3       java.lang.invoke.MethodHandleNatives::refKindIsGetter (32 bytes)
Event: 1.043 Thread 0x000001d854ba58a0 nmethod 1148 0x000001d82febad10 code [0x000001d82febaf80, 0x000001d82febbb28]
Event: 1.043 Thread 0x000001d8556e3400 nmethod 1155 0x000001d82febbf90 code [0x000001d82febc120, 0x000001d82febc278]
Event: 1.043 Thread 0x000001d8556dee20 nmethod 1154 0x000001d82febc310 code [0x000001d82febc640, 0x000001d82febda98]
Event: 1.044 Thread 0x000001d8556dee20 1160       3       jdk.internal.math.FDBigInteger::mult (64 bytes)
Event: 1.044 Thread 0x000001d8556e3400 1161       3       jdk.internal.math.FDBigInteger::<init> (30 bytes)
Event: 1.044 Thread 0x000001d854ba58a0 1162       3       jdk.internal.math.FDBigInteger::trimLeadingZeros (57 bytes)
Event: 1.044 Thread 0x000001d8556dee20 nmethod 1160 0x000001d82febe290 code [0x000001d82febe440, 0x000001d82febe6d8]
Event: 1.044 Thread 0x000001d8556dee20 1163       3       jdk.internal.math.FDBigInteger::makeImmutable (6 bytes)
Event: 1.044 Thread 0x000001d8556e3400 nmethod 1161 0x000001d82febe910 code [0x000001d82febeac0, 0x000001d82febece8]
Event: 1.044 Thread 0x000001d8556e3400 1164       3       jdk.internal.math.FDBigInteger::mult (44 bytes)
Event: 1.044 Thread 0x000001d854ba58a0 nmethod 1162 0x000001d82febee10 code [0x000001d82febefc0, 0x000001d82febf298]
Event: 1.044 Thread 0x000001d8556dee20 nmethod 1163 0x000001d82febf390 code [0x000001d82febf520, 0x000001d82febf638]
Event: 1.044 Thread 0x000001d8556e3400 nmethod 1164 0x000001d82febf710 code [0x000001d82febf8e0, 0x000001d82febfd18]
Event: 1.126 Thread 0x000001d854ba4ee0 1165       4       java.lang.StringLatin1::getChar (9 bytes)
Event: 1.126 Thread 0x000001d854ba4ee0 nmethod 1165 0x000001d8378d9510 code [0x000001d8378d9680, 0x000001d8378d9718]

GC Heap History (2 events):
Event: 0.580 GC heap before
{Heap before GC invocations=0 (full 0):
 garbage-first heap   total 524288K, used 20480K [0x0000000601000000, 0x0000000800000000)
  region size 4096K, 6 young (24576K), 0 survivors (0K)
 Metaspace       used 7221K, committed 7360K, reserved 1114112K
  class space    used 394K, committed 448K, reserved 1048576K
}
Event: 0.582 GC heap after
{Heap after GC invocations=1 (full 0):
 garbage-first heap   total 524288K, used 3607K [0x0000000601000000, 0x0000000800000000)
  region size 4096K, 1 young (4096K), 1 survivors (4096K)
 Metaspace       used 7221K, committed 7360K, reserved 1114112K
  class space    used 394K, committed 448K, reserved 1048576K
}

Deoptimization events (20 events):
Event: 0.313 Thread 0x000001d82840ab00 Uncommon trap: trap_request=0xffffff54 fr.pc=0x000001d8378a3d64 relative=0x0000000000000064
Event: 0.313 Thread 0x000001d82840ab00 Uncommon trap: reason=speculate_null_assert action=make_not_entrant pc=0x000001d8378a3d64 method=sun.misc.Unsafe.getLong(Ljava/lang/Object;J)J @ 5 c2
Event: 0.313 Thread 0x000001d82840ab00 DEOPT PACKING pc=0x000001d8378a3d64 sp=0x0000007b67efea10
Event: 0.313 Thread 0x000001d82840ab00 DEOPT UNPACKING pc=0x000001d8371723a3 sp=0x0000007b67efe9a8 mode 2
Event: 0.431 Thread 0x000001d82840ab00 Uncommon trap: trap_request=0xffffff45 fr.pc=0x000001d8378b0e08 relative=0x0000000000000368
Event: 0.431 Thread 0x000001d82840ab00 Uncommon trap: reason=unstable_if action=reinterpret pc=0x000001d8378b0e08 method=java.lang.StringLatin1.newString([BII)Ljava/lang/String; @ 1 c2
Event: 0.431 Thread 0x000001d82840ab00 DEOPT PACKING pc=0x000001d8378b0e08 sp=0x0000007b67efcfa0
Event: 0.431 Thread 0x000001d82840ab00 DEOPT UNPACKING pc=0x000001d8371723a3 sp=0x0000007b67efcfa0 mode 2
Event: 0.453 Thread 0x000001d82840ab00 DEOPT PACKING pc=0x000001d82fd22ef9 sp=0x0000007b67efa480
Event: 0.453 Thread 0x000001d82840ab00 DEOPT UNPACKING pc=0x000001d837172b43 sp=0x0000007b67ef98e0 mode 0
Event: 0.484 Thread 0x000001d82840ab00 Uncommon trap: trap_request=0xffffff6e fr.pc=0x000001d8378b4644 relative=0x0000000000000424
Event: 0.484 Thread 0x000001d82840ab00 Uncommon trap: reason=loop_limit_check action=maybe_recompile pc=0x000001d8378b4644 method=java.lang.StringLatin1.indexOf([BI[BII)I @ 37 c2
Event: 0.484 Thread 0x000001d82840ab00 DEOPT PACKING pc=0x000001d8378b4644 sp=0x0000007b67efd390
Event: 0.484 Thread 0x000001d82840ab00 DEOPT UNPACKING pc=0x000001d8371723a3 sp=0x0000007b67efd2f0 mode 2
Event: 0.540 Thread 0x000001d82840ab00 DEOPT PACKING pc=0x000001d82fe6c817 sp=0x0000007b67efdeb0
Event: 0.540 Thread 0x000001d82840ab00 DEOPT UNPACKING pc=0x000001d837172b43 sp=0x0000007b67efd2e0 mode 0
Event: 0.540 Thread 0x000001d82840ab00 DEOPT PACKING pc=0x000001d82fdc8452 sp=0x0000007b67efde80
Event: 0.540 Thread 0x000001d82840ab00 DEOPT UNPACKING pc=0x000001d837172b43 sp=0x0000007b67efd318 mode 0
Event: 0.541 Thread 0x000001d82840ab00 DEOPT PACKING pc=0x000001d82fdc8452 sp=0x0000007b67efde80
Event: 0.541 Thread 0x000001d82840ab00 DEOPT UNPACKING pc=0x000001d837172b43 sp=0x0000007b67efd318 mode 0

Classes unloaded (0 events):
No events

Classes redefined (0 events):
No events

Internal exceptions (20 events):
Event: 0.190 Thread 0x000001d82840ab00 Exception <a 'java/lang/NoSuchMethodError'{0x000000062053c660}: 'java.lang.Object java.lang.invoke.DirectMethodHandle$Holder.newInvokeSpecial(java.lang.Object, java.lang.Object, int)'> (0x000000062053c660) 
thrown [s\open\src\hotspot\share\interpreter\linkResolver.cpp, line 759]
Event: 0.191 Thread 0x000001d82840ab00 Exception <a 'java/lang/NoSuchMethodError'{0x000000062054cce0}: 'int java.lang.invoke.DirectMethodHandle$Holder.invokeStaticInit(java.lang.Object, java.lang.Object, long, long)'> (0x000000062054cce0) 
thrown [s\open\src\hotspot\share\interpreter\linkResolver.cpp, line 759]
Event: 0.191 Thread 0x000001d82840ab00 Exception <a 'java/lang/NoSuchMethodError'{0x0000000620552df0}: 'java.lang.Object java.lang.invoke.DirectMethodHandle$Holder.newInvokeSpecial(java.lang.Object, java.lang.Object, long)'> (0x0000000620552df0) 
thrown [s\open\src\hotspot\share\interpreter\linkResolver.cpp, line 759]
Event: 0.191 Thread 0x000001d82840ab00 Exception <a 'java/lang/NoSuchMethodError'{0x00000006205570e0}: 'java.lang.Object java.lang.invoke.Invokers$Holder.linkToTargetMethod(java.lang.Object, long, java.lang.Object)'> (0x00000006205570e0) 
thrown [s\open\src\hotspot\share\interpreter\linkResolver.cpp, line 759]
Event: 0.192 Thread 0x000001d82840ab00 Exception <a 'java/lang/NoSuchMethodError'{0x000000062055e860}: 'int java.lang.invoke.DirectMethodHandle$Holder.invokeStaticInit(java.lang.Object, java.lang.Object, java.lang.Object, long)'> (0x000000062055e860) 
thrown [s\open\src\hotspot\share\interpreter\linkResolver.cpp, line 759]
Event: 0.205 Thread 0x000001d82840ab00 Exception <a 'sun/nio/fs/WindowsException'{0x000000062063b6a8}> (0x000000062063b6a8) 
thrown [s\open\src\hotspot\share\prims\jni.cpp, line 516]
Event: 0.205 Thread 0x000001d82840ab00 Exception <a 'sun/nio/fs/WindowsException'{0x000000062063ba08}> (0x000000062063ba08) 
thrown [s\open\src\hotspot\share\prims\jni.cpp, line 516]
Event: 0.294 Thread 0x000001d82840ab00 Exception <a 'sun/nio/fs/WindowsException'{0x00000006206d1190}> (0x00000006206d1190) 
thrown [s\open\src\hotspot\share\prims\jni.cpp, line 516]
Event: 0.294 Thread 0x000001d82840ab00 Exception <a 'sun/nio/fs/WindowsException'{0x00000006206d1530}> (0x00000006206d1530) 
thrown [s\open\src\hotspot\share\prims\jni.cpp, line 516]
Event: 0.297 Thread 0x000001d82840ab00 Exception <a 'sun/nio/fs/WindowsException'{0x00000006206dd660}> (0x00000006206dd660) 
thrown [s\open\src\hotspot\share\prims\jni.cpp, line 516]
Event: 0.297 Thread 0x000001d82840ab00 Exception <a 'sun/nio/fs/WindowsException'{0x00000006206dd930}> (0x00000006206dd930) 
thrown [s\open\src\hotspot\share\prims\jni.cpp, line 516]
Event: 0.349 Thread 0x000001d82840ab00 Exception <a 'java/lang/NoSuchMethodError'{0x000000062004c160}: 'void java.lang.invoke.DirectMethodHandle$Holder.invokeStatic(java.lang.Object, long, int, int)'> (0x000000062004c160) 
thrown [s\open\src\hotspot\share\interpreter\linkResolver.cpp, line 759]
Event: 0.488 Thread 0x000001d82840ab00 Exception <a 'sun/nio/fs/WindowsException'{0x000000061ff9f770}> (0x000000061ff9f770) 
thrown [s\open\src\hotspot\share\prims\jni.cpp, line 516]
Event: 0.488 Thread 0x000001d82840ab00 Exception <a 'sun/nio/fs/WindowsException'{0x000000061ff9faf0}> (0x000000061ff9faf0) 
thrown [s\open\src\hotspot\share\prims\jni.cpp, line 516]
Event: 0.513 Thread 0x000001d82840ab00 Exception <a 'sun/nio/fs/WindowsException'{0x000000061f84c818}> (0x000000061f84c818) 
thrown [s\open\src\hotspot\share\prims\jni.cpp, line 516]
Event: 0.513 Thread 0x000001d82840ab00 Exception <a 'sun/nio/fs/WindowsException'{0x000000061f84cb90}> (0x000000061f84cb90) 
thrown [s\open\src\hotspot\share\prims\jni.cpp, line 516]
Event: 0.537 Thread 0x000001d82840ab00 Exception <a 'sun/nio/fs/WindowsException'{0x000000061f85cbd8}> (0x000000061f85cbd8) 
thrown [s\open\src\hotspot\share\prims\jni.cpp, line 516]
Event: 0.537 Thread 0x000001d82840ab00 Exception <a 'sun/nio/fs/WindowsException'{0x000000061f85cf58}> (0x000000061f85cf58) 
thrown [s\open\src\hotspot\share\prims\jni.cpp, line 516]
Event: 0.592 Thread 0x000001d82840ab00 Exception <a 'java/lang/NoSuchMethodError'{0x0000000620deffe8}: 'void java.lang.invoke.DirectMethodHandle$Holder.invokeStatic(java.lang.Object, long)'> (0x0000000620deffe8) 
thrown [s\open\src\hotspot\share\interpreter\linkResolver.cpp, line 759]
Event: 0.740 Thread 0x000001d82840ab00 Exception <a 'java/lang/NoSuchMethodError'{0x000000061ead1eb0}: 'void java.lang.invoke.DirectMethodHandle$Holder.invokeVirtual(java.lang.Object, java.lang.Object)'> (0x000000061ead1eb0) 
thrown [s\open\src\hotspot\share\interpreter\linkResolver.cpp, line 759]

VM Operations (10 events):
Event: 0.063 Executing VM operation: ChangeBreakpoints
Event: 0.063 Executing VM operation: ChangeBreakpoints done
Event: 0.072 Executing VM operation: ChangeBreakpoints
Event: 0.072 Executing VM operation: ChangeBreakpoints done
Event: 0.072 Executing VM operation: ChangeBreakpoints
Event: 0.072 Executing VM operation: ChangeBreakpoints done
Event: 0.580 Executing VM operation: G1CollectForAllocation
Event: 0.582 Executing VM operation: G1CollectForAllocation done
Event: 1.589 Executing VM operation: Cleanup
Event: 1.589 Executing VM operation: Cleanup done

Events (20 events):
Event: 0.592 loading class org/lwjgl/system/Struct$StructValidation done
Event: 0.592 loading class org/lwjgl/system/Struct$StructValidation
Event: 0.592 loading class org/lwjgl/system/Struct$StructValidation done
Event: 0.738 loading class java/nio/file/FileVisitOption
Event: 0.739 loading class java/nio/file/FileVisitOption done
Event: 0.739 loading class java/nio/file/FileTreeIterator
Event: 0.739 loading class java/nio/file/FileTreeIterator done
Event: 0.739 loading class java/nio/file/FileTreeWalker
Event: 0.739 loading class java/nio/file/FileTreeWalker done
Event: 0.739 loading class java/nio/file/FileTreeWalker$DirectoryNode
Event: 0.739 loading class java/nio/file/FileTreeWalker$DirectoryNode done
Event: 0.739 loading class java/nio/file/FileTreeWalker$Event
Event: 0.739 loading class java/nio/file/FileTreeWalker$Event done
Event: 0.739 loading class java/nio/file/FileTreeWalker$EventType
Event: 0.739 loading class java/nio/file/FileTreeWalker$EventType done
Event: 1.042 Thread 0x000001d8a8651ff0 Thread exited: 0x000001d8a8651ff0
Event: 1.042 Thread 0x000001d8a86512b0 Thread exited: 0x000001d8a86512b0
Event: 1.042 Thread 0x000001d855719f90 Thread exited: 0x000001d855719f90
Event: 1.044 loading class jdk/internal/math/FDBigInteger
Event: 1.044 loading class jdk/internal/math/FDBigInteger done


Dynamic libraries:
0x00007ff66ab80000 - 0x00007ff66ab90000 	C:\Program Files\Java\jdk-17\bin\java.exe
0x00007ffc377b0000 - 0x00007ffc379a8000 	C:\Windows\SYSTEM32\ntdll.dll
0x00007ffc36b10000 - 0x00007ffc36bd2000 	C:\Windows\System32\KERNEL32.DLL
0x00007ffc35300000 - 0x00007ffc355f6000 	C:\Windows\System32\KERNELBASE.dll
0x00007ffc35600000 - 0x00007ffc35700000 	C:\Windows\System32\ucrtbase.dll
0x00007ffc1e6c0000 - 0x00007ffc1e6d9000 	C:\Program Files\Java\jdk-17\bin\jli.dll
0x00007ffc1e6e0000 - 0x00007ffc1e6fb000 	C:\Program Files\Java\jdk-17\bin\VCRUNTIME140.dll
0x00007ffc35eb0000 - 0x00007ffc35f5f000 	C:\Windows\System32\ADVAPI32.dll
0x00007ffc361c0000 - 0x00007ffc3625e000 	C:\Windows\System32\msvcrt.dll
0x00007ffc362e0000 - 0x00007ffc3637f000 	C:\Windows\System32\sechost.dll
0x00007ffc357e0000 - 0x00007ffc35903000 	C:\Windows\System32\RPCRT4.dll
0x00007ffc357b0000 - 0x00007ffc357d7000 	C:\Windows\System32\bcrypt.dll
0x00007ffc36020000 - 0x00007ffc361bd000 	C:\Windows\System32\USER32.dll
0x00007ffc34fc0000 - 0x00007ffc34fe2000 	C:\Windows\System32\win32u.dll
0x00007ffc1e850000 - 0x00007ffc1eaea000 	C:\Windows\WinSxS\amd64_microsoft.windows.common-controls_6595b64144ccf1df_6.0.19041.5794_none_60bcd33171f2783c\COMCTL32.dll
0x00007ffc36ae0000 - 0x00007ffc36b0b000 	C:\Windows\System32\GDI32.dll
0x00007ffc351e0000 - 0x00007ffc352fa000 	C:\Windows\System32\gdi32full.dll
0x00007ffc34e50000 - 0x00007ffc34eed000 	C:\Windows\System32\msvcp_win.dll
0x00007ffc2bcf0000 - 0x00007ffc2bcfa000 	C:\Windows\SYSTEM32\VERSION.dll
0x00007ffc35d50000 - 0x00007ffc35d7f000 	C:\Windows\System32\IMM32.DLL
0x00007ffc143b0000 - 0x00007ffc143bc000 	C:\Program Files\Java\jdk-17\bin\vcruntime140_1.dll
0x00007ffc04df0000 - 0x00007ffc04e7e000 	C:\Program Files\Java\jdk-17\bin\msvcp140.dll
0x00007ffb94a50000 - 0x00007ffb95630000 	C:\Program Files\Java\jdk-17\bin\server\jvm.dll
0x00007ffc37760000 - 0x00007ffc37768000 	C:\Windows\System32\PSAPI.DLL
0x00007ffc1a420000 - 0x00007ffc1a429000 	C:\Windows\SYSTEM32\WSOCK32.dll
0x00007ffc29150000 - 0x00007ffc29177000 	C:\Windows\SYSTEM32\WINMM.dll
0x00007ffc376f0000 - 0x00007ffc3775b000 	C:\Windows\System32\WS2_32.dll
0x00007ffc338e0000 - 0x00007ffc338f2000 	C:\Windows\SYSTEM32\kernel.appcore.dll
0x00007ffc12fd0000 - 0x00007ffc12fda000 	C:\Program Files\Java\jdk-17\bin\jimage.dll
0x00007ffc33440000 - 0x00007ffc33641000 	C:\Windows\SYSTEM32\DBGHELP.DLL
0x00007ffc13ff0000 - 0x00007ffc14024000 	C:\Windows\SYSTEM32\dbgcore.DLL
0x00007ffc34ff0000 - 0x00007ffc35072000 	C:\Windows\System32\bcryptPrimitives.dll
0x00007ffc0e720000 - 0x00007ffc0e75b000 	C:\Program Files\Java\jdk-17\bin\jdwp.dll
0x00007ffc0e710000 - 0x00007ffc0e71e000 	C:\Program Files\Java\jdk-17\bin\instrument.dll
0x00007ffc04dc0000 - 0x00007ffc04de5000 	C:\Program Files\Java\jdk-17\bin\java.dll
0x00007ffbfbf00000 - 0x00007ffbfbf18000 	C:\Program Files\Java\jdk-17\bin\zip.dll
0x00007ffb90e80000 - 0x00007ffb90f57000 	C:\Program Files\Java\jdk-17\bin\jsvml.dll
0x00007ffc36e00000 - 0x00007ffc3756e000 	C:\Windows\System32\SHELL32.dll
0x00007ffc32c90000 - 0x00007ffc33433000 	C:\Windows\SYSTEM32\windows.storage.dll
0x00007ffc35990000 - 0x00007ffc35ce3000 	C:\Windows\System32\combase.dll
0x00007ffc34810000 - 0x00007ffc3483b000 	C:\Windows\SYSTEM32\Wldp.dll
0x00007ffc365a0000 - 0x00007ffc3666d000 	C:\Windows\System32\OLEAUT32.dll
0x00007ffc36380000 - 0x00007ffc3642d000 	C:\Windows\System32\SHCORE.dll
0x00007ffc37690000 - 0x00007ffc376e5000 	C:\Windows\System32\shlwapi.dll
0x00007ffc34d80000 - 0x00007ffc34da5000 	C:\Windows\SYSTEM32\profapi.dll
0x00007ffc0d3e0000 - 0x00007ffc0d3ec000 	C:\Program Files\Java\jdk-17\bin\dt_socket.dll
0x00007ffc34250000 - 0x00007ffc3428b000 	C:\Windows\SYSTEM32\IPHLPAPI.DLL
0x00007ffc34570000 - 0x00007ffc345dc000 	C:\Windows\system32\mswsock.dll
0x00007ffbfbee0000 - 0x00007ffbfbef9000 	C:\Program Files\Java\jdk-17\bin\net.dll
0x00007ffc2c020000 - 0x00007ffc2c12a000 	C:\Windows\SYSTEM32\WINHTTP.dll
0x00007ffbfbec0000 - 0x00007ffbfbed6000 	C:\Program Files\Java\jdk-17\bin\nio.dll
0x00007ffc0adb0000 - 0x00007ffc0adc0000 	C:\Program Files\Java\jdk-17\bin\verify.dll
0x00007ffbfbe40000 - 0x00007ffbfbebe000 	C:\Users\rando\AppData\Local\Temp\lwjgl_rando\3.3.6+1\x64\lwjgl.dll
0x00007ffbba530000 - 0x00007ffbba5b9000 	C:\Users\rando\AppData\Local\Temp\lwjgl_rando\3.3.6+1\x64\glfw.dll
0x00007ffb94950000 - 0x00007ffb94995000 	C:\Windows\SYSTEM32\dinput8.dll
0x00007ffbfbda0000 - 0x00007ffbfbdb1000 	C:\Windows\SYSTEM32\xinput1_4.dll
0x00007ffc34f70000 - 0x00007ffc34fbe000 	C:\Windows\System32\cfgmgr32.dll
0x00007ffc34b70000 - 0x00007ffc34ba3000 	C:\Windows\SYSTEM32\DEVOBJ.dll
0x00007ffc31d10000 - 0x00007ffc31d3f000 	C:\Windows\SYSTEM32\dwmapi.dll
0x00007ffc28220000 - 0x00007ffc28372000 	C:\Windows\SYSTEM32\inputhost.dll
0x00007ffc2ef90000 - 0x00007ffc2f082000 	C:\Windows\SYSTEM32\CoreMessaging.dll
0x00007ffc30a50000 - 0x00007ffc30ba7000 	C:\Windows\SYSTEM32\wintypes.dll
0x00007ffc2e620000 - 0x00007ffc2e97b000 	C:\Windows\SYSTEM32\CoreUIComponents.dll
0x00007ffc31260000 - 0x00007ffc31354000 	C:\Windows\SYSTEM32\PROPSYS.dll
0x00007ffc340e0000 - 0x00007ffc34113000 	C:\Windows\SYSTEM32\ntmarta.dll
0x00007ffc31890000 - 0x00007ffc3192e000 	C:\Windows\system32\uxtheme.dll
0x00007ffc37570000 - 0x00007ffc37685000 	C:\Windows\System32\MSCTF.dll
0x00007ffbccbc0000 - 0x00007ffbccce8000 	C:\Windows\SYSTEM32\opengl32.dll
0x00007ffbcc9a0000 - 0x00007ffbcc9cc000 	C:\Windows\SYSTEM32\GLU32.dll
0x00007ffc35f60000 - 0x00007ffc36009000 	C:\Windows\System32\clbcatq.dll
0x00007ffc22700000 - 0x00007ffc22730000 	C:\Windows\System32\DriverStore\FileRepository\u0415347.inf_amd64_bbe1f1da43e3d52f\B415056\atig6pxx.dll
0x00007ffb9a610000 - 0x00007ffb9e42f000 	C:\Windows\System32\DriverStore\FileRepository\u0415347.inf_amd64_bbe1f1da43e3d52f\B415056\atio6axx.dll
0x00007ffc35d80000 - 0x00007ffc35eab000 	C:\Windows\System32\ole32.dll
0x00007ffc36670000 - 0x00007ffc36ae0000 	C:\Windows\System32\SETUPAPI.dll
0x00007ffc34ef0000 - 0x00007ffc34f63000 	C:\Windows\System32\WINTRUST.dll
0x00007ffc35080000 - 0x00007ffc351dd000 	C:\Windows\System32\CRYPT32.dll
0x00007ffc349a0000 - 0x00007ffc349b2000 	C:\Windows\SYSTEM32\MSASN1.dll
0x00007ffc23040000 - 0x00007ffc2307c000 	C:\Windows\System32\DriverStore\FileRepository\u0415347.inf_amd64_bbe1f1da43e3d52f\B415056\amdihk64.dll
0x00007ffb90e20000 - 0x00007ffb90e7d000 	C:\Users\rando\AppData\Local\Temp\lwjgl_rando\3.3.6+1\x64\lwjgl_opengl.dll
0x00007ffc28380000 - 0x00007ffc28479000 	C:\Windows\SYSTEM32\textinputframework.dll
0x00007ffc0ccd0000 - 0x00007ffc0cd36000 	C:\Windows\system32\Oleacc.dll
0x00007ffb90c50000 - 0x00007ffb90ce9000 	C:\Users\rando\AppData\Local\Temp\lwjgl_rando\3.3.6+1\x64\lwjgl_stb.dll
0x00007ffb718c0000 - 0x00007ffb719f3000 	C:\Users\rando\AppData\Local\Temp\lwjgl_rando\3.3.6+1\x64\draco.dll
0x00007ffb6dc70000 - 0x00007ffb6e1cf000 	C:\Users\rando\AppData\Local\Temp\lwjgl_rando\3.3.6+1\x64\assimp.dll

dbghelp: loaded successfully - version: 4.0.5 - missing functions: none
symbol engine: initialized successfully - sym options: 0x614 - pdb path: .;C:\Program Files\Java\jdk-17\bin;C:\Windows\SYSTEM32;C:\Windows\WinSxS\amd64_microsoft.windows.common-controls_6595b64144ccf1df_6.0.19041.5794_none_60bcd33171f2783c;C:\Program Files\Java\jdk-17\bin\server;C:\Users\rando\AppData\Local\Temp\lwjgl_rando\3.3.6+1\x64;C:\Windows\System32\DriverStore\FileRepository\u0415347.inf_amd64_bbe1f1da43e3d52f\B415056

VM Arguments:
jvm_args: -agentlib:jdwp=transport=dt_socket,address=127.0.0.1:50363,suspend=y,server=n -javaagent:C:\Users\rando\AppData\Local\JetBrains\IdeaIC2024.2\captureAgent\debugger-agent.jar -Dkotlinx.coroutines.debug.enable.creation.stack.trace=false -Ddebugger.agent.enable.coroutines=true -Dfile.encoding=UTF-8 
java_command: net.absolutecinema.Main
java_class_path (initial): C:\Users\rando\IdeaProjects\absolutecinema\target\classes;C:\Users\rando\.m2\repository\org\lwjgl\lwjgl\3.3.6\lwjgl-3.3.6.jar;C:\Users\rando\.m2\repository\org\lwjgl\lwjgl-assimp\3.3.6\lwjgl-assimp-3.3.6.jar;C:\Users\rando\.m2\repository\org\lwjgl\lwjgl-glfw\3.3.6\lwjgl-glfw-3.3.6.jar;C:\Users\rando\.m2\repository\org\lwjgl\lwjgl-openal\3.3.6\lwjgl-openal-3.3.6.jar;C:\Users\rando\.m2\repository\org\lwjgl\lwjgl-opengl\3.3.6\lwjgl-opengl-3.3.6.jar;C:\Users\rando\.m2\repository\org\lwjgl\lwjgl-stb\3.3.6\lwjgl-stb-3.3.6.jar;C:\Users\rando\.m2\repository\org\lwjgl\lwjgl\3.3.6\lwjgl-3.3.6-natives-windows.jar;C:\Users\rando\.m2\repository\org\lwjgl\lwjgl-assimp\3.3.6\lwjgl-assimp-3.3.6-natives-windows.jar;C:\Users\rando\.m2\repository\org\lwjgl\lwjgl-glfw\3.3.6\lwjgl-glfw-3.3.6-natives-windows.jar;C:\Users\rando\.m2\repository\org\lwjgl\lwjgl-openal\3.3.6\lwjgl-openal-3.3.6-natives-windows.jar;C:\Users\rando\.m2\repository\org\lwjgl\lwjgl-opengl\3.3.6\lwjgl-opengl-3.3.6-natives-windows.jar;C:\Users\rando\.m2\repository\org\lwjgl\lwjgl-stb\3.3.6\lwjgl-stb-3.3.6-natives-windows.jar;C:\Users\rando\.m2\repository\org\joml\joml\1.10.8\joml-1.10.8.jar;C:\Program Files\JetBrains\IntelliJ IDEA Community Edition 2024.2.3\lib\idea_rt.jar
Launcher Type: SUN_STANDARD

[Global flags]
     intx CICompilerCount                          = 12                                        {product} {ergonomic}
     uint ConcGCThreads                            = 3                                         {product} {ergonomic}
     uint G1ConcRefinementThreads                  = 13                                        {product} {ergonomic}
   size_t G1HeapRegionSize                         = 4194304                                   {product} {ergonomic}
    uintx GCDrainStackTargetSize                   = 64                                        {product} {ergonomic}
   size_t InitialHeapSize                          = 536870912                                 {product} {ergonomic}
   size_t MarkStackSize                            = 4194304                                   {product} {ergonomic}
   size_t MaxHeapSize                              = 8573157376                                {product} {ergonomic}
   size_t MaxNewSize                               = 5142216704                                {product} {ergonomic}
   size_t MinHeapDeltaBytes                        = 4194304                                   {product} {ergonomic}
   size_t MinHeapSize                              = 8388608                                   {product} {ergonomic}
    uintx NonNMethodCodeHeapSize                   = 7602480                                {pd product} {ergonomic}
    uintx NonProfiledCodeHeapSize                  = 122027880                              {pd product} {ergonomic}
    uintx ProfiledCodeHeapSize                     = 122027880                              {pd product} {ergonomic}
    uintx ReservedCodeCacheSize                    = 251658240                              {pd product} {ergonomic}
     bool SegmentedCodeCache                       = true                                      {product} {ergonomic}
   size_t SoftMaxHeapSize                          = 8573157376                             {manageable} {ergonomic}
     bool UseCompressedClassPointers               = true                           {product lp64_product} {ergonomic}
     bool UseCompressedOops                        = true                           {product lp64_product} {ergonomic}
     bool UseG1GC                                  = true                                      {product} {ergonomic}
     bool UseLargePagesIndividualAllocation        = false                                  {pd product} {ergonomic}

Logging:
Log output configuration:
 #0: stdout all=warning uptime,level,tags
 #1: stderr all=off uptime,level,tags

Environment Variables:
PATH=C:\Python313\Scripts\;C:\Python313\;C:\Program Files (x86)\NVIDIA Corporation\PhysX\Common;C:\Program Files\Common Files\Oracle\Java\javapath;C:\Program Files\Eclipse Adoptium\jre-8.0.422.5-hotspot\bin;C:\Windows\system32;C:\Windows;C:\Windows\System32\Wbem;C:\Windows\System32\WindowsPowerShell\v1.0\;C:\Windows\System32\OpenSSH\;C:\Program Files\Git\cmd;C:\Program Files (x86)\Windows Kits\8.1\Windows Performance Toolkit\;C:\Program Files\dotnet\;C:\Program Files (x86)\Windows Kits\10\Windows Performance Toolkit\;C:\Program Files\nodejs\;C:\ProgramData\chocolatey\bin;C:\Users\rando\AppData\Local\Microsoft\WindowsApps;C:\program files\ffmpeg\bin;;C:\Program Files\JetBrains\IntelliJ IDEA Community Edition 2024.2.3\bin;;C:\Users\rando\AppData\Local\Programs\Microsoft VS Code\bin;C:\Users\rando\AppData\Roaming\npm
USERNAME=rando
OS=Windows_NT
PROCESSOR_IDENTIFIER=AMD64 Family 25 Model 33 Stepping 2, AuthenticAMD



---------------  S Y S T E M  ---------------

OS:
 Windows 10 , 64 bit Build 19041 (10.0.19041.5794)
OS uptime: 0 days 19:22 hours

CPU: total 16 (initial active 16) (16 cores per cpu, 2 threads per core) family 25 model 33 stepping 2 microcode 0x0, cx8, cmov, fxsr, ht, mmx, 3dnowpref, sse, sse2, sse3, ssse3, sse4a, sse4.1, sse4.2, popcnt, lzcnt, tsc, tscinvbit, avx, avx2, aes, erms, clmul, bmi1, bmi2, adx, sha, fma, vzeroupper, clflush, clflushopt

Memory: 4k page, system-wide physical 32689M (16481M free)
TotalPageFile size 37553M (AvailPageFile size 15645M)
current process WorkingSet (physical memory assigned to process): 407M, peak: 437M
current process commit charge ("private bytes"): 978M, peak: 1008M

vm_info: Java HotSpot(TM) 64-Bit Server VM (17.0.12+8-LTS-286) for windows-amd64 JRE (17.0.12+8-LTS-286), built on Jun  5 2024 06:46:59 by "mach5one" with MS VC++ 17.6 (VS2022)

END.
